
> bookbuddy-backend@1.0.0 test
> NODE_ENV=test vitest --run


 RUN  v1.6.1 /Users/zachmartin/projects/active/bookbuddy-mk2/backend

stdout | _log (/Users/zachmartin/projects/active/bookbuddy-mk2/backend/node_modules/dotenv/lib/main.js:142:11)
[dotenv@17.2.3] injecting env (4) from .env.test -- tip: ðŸ”‘ add access controls to secrets: https://dotenvx.com/ops

stderr | tests/unit/services/reading-service.test.js > ReadingService > addBook (T037 - duplicate detection, unique constraint) > should detect duplicate books by title, author, and edition
Database query error: {
  error: 'duplicate key value violates unique constraint "reading_entries_unique_reader_book"',
  query: 'INSERT INTO reading_entries\n' +
    '       (id, reader_id, book_id, status, rating, reflection_note, created'
}

stderr | tests/unit/services/reading-service.test.js > ReadingService > addBook (T037 - duplicate detection, unique constraint) > should validate title length (max 500)
Database query error: {
  error: 'value too long for type character varying(500)',
  query: 'INSERT INTO books (id, title, author, edition, isbn, cover_image_url, created_at, updated_at)\n' +
    '      '
}

stderr | tests/unit/services/reading-service.test.js > ReadingService > addBook (T037 - duplicate detection, unique constraint) > should validate author length (max 200)
Database query error: {
  error: 'value too long for type character varying(200)',
  query: 'INSERT INTO books (id, title, author, edition, isbn, cover_image_url, created_at, updated_at)\n' +
    '      '
}

stderr | tests/unit/services/reading-service.test.js > ReadingService > updateStatus (T038 - from/to validation, history recording) > should update status and record transition
Database query error: {
  error: 'null value in column "book_id" of relation "reading_entries" violates not-null constraint',
  query: 'INSERT INTO reading_entries (id, reader_id, book_id, status, created_at, updated_at)\n' +
    '     VALUES ($1'
}

stderr | tests/unit/services/reading-service.test.js > ReadingService > updateStatus (T038 - from/to validation, history recording) > should log analytics event for status change (FR-016)
Database query error: {
  error: 'null value in column "book_id" of relation "reading_entries" violates not-null constraint',
  query: 'INSERT INTO reading_entries (id, reader_id, book_id, status, created_at, updated_at)\n' +
    '     VALUES ($1'
}

stderr | tests/unit/services/reading-service.test.js > ReadingService > updateStatus (T038 - from/to validation, history recording) > should validate status transitions
Database query error: {
  error: 'null value in column "book_id" of relation "reading_entries" violates not-null constraint',
  query: 'INSERT INTO reading_entries (id, reader_id, book_id, status, created_at, updated_at)\n' +
    '     VALUES ($1'
}

stderr | tests/unit/services/reading-service.test.js > ReadingService > updateStatus (T038 - from/to validation, history recording) > should handle last-write-wins for concurrent edits (FR-010)
Database query error: {
  error: 'null value in column "book_id" of relation "reading_entries" violates not-null constraint',
  query: 'INSERT INTO reading_entries (id, reader_id, book_id, status, created_at, updated_at)\n' +
    '     VALUES ($1'
}

stderr | tests/unit/services/reading-service.test.js > ReadingService > updateStatus (T038 - from/to validation, history recording) > should update updatedAt timestamp
Database query error: {
  error: 'null value in column "book_id" of relation "reading_entries" violates not-null constraint',
  query: 'INSERT INTO reading_entries (id, reader_id, book_id, status, created_at, updated_at)\n' +
    '     VALUES ($1'
}

stderr | tests/unit/services/reading-service.test.js > ReadingService > updateStatus (T038 - from/to validation, history recording) > should reject invalid status values
Database query error: {
  error: 'null value in column "book_id" of relation "reading_entries" violates not-null constraint',
  query: 'INSERT INTO reading_entries (id, reader_id, book_id, status, created_at, updated_at)\n' +
    '     VALUES ($1'
}

stderr | tests/unit/services/reading-service.test.js > ReadingService > updateStatus (T038 - from/to validation, history recording) > should reject updates to non-existent entries
Database query error: {
  error: 'null value in column "book_id" of relation "reading_entries" violates not-null constraint',
  query: 'INSERT INTO reading_entries (id, reader_id, book_id, status, created_at, updated_at)\n' +
    '     VALUES ($1'
}

 â¯ tests/unit/services/reading-service.test.js  (52 tests | 12 failed) 1635ms
   â¯ tests/unit/services/reading-service.test.js > ReadingService > addBook (T037 - duplicate detection, unique constraint) > should detect duplicate books by title, author, and edition
     â†’ expected [Function] to throw error matching /already exists/i but got 'duplicate key value violates unique câ€¦'
   â¯ tests/unit/services/reading-service.test.js > ReadingService > addBook (T037 - duplicate detection, unique constraint) > should validate title length (max 500)
     â†’ expected [Function] to throw error matching /title/i but got 'value too long for type character varâ€¦'
   â¯ tests/unit/services/reading-service.test.js > ReadingService > addBook (T037 - duplicate detection, unique constraint) > should validate author length (max 200)
     â†’ expected [Function] to throw error matching /author/i but got 'value too long for type character varâ€¦'
   â¯ tests/unit/services/reading-service.test.js > ReadingService > updateStatus (T038 - from/to validation, history recording) > should update status and record transition
     â†’ null value in column "book_id" of relation "reading_entries" violates not-null constraint
   â¯ tests/unit/services/reading-service.test.js > ReadingService > updateStatus (T038 - from/to validation, history recording) > should log analytics event for status change (FR-016)
     â†’ null value in column "book_id" of relation "reading_entries" violates not-null constraint
   â¯ tests/unit/services/reading-service.test.js > ReadingService > updateStatus (T038 - from/to validation, history recording) > should validate status transitions
     â†’ null value in column "book_id" of relation "reading_entries" violates not-null constraint
   â¯ tests/unit/services/reading-service.test.js > ReadingService > updateStatus (T038 - from/to validation, history recording) > should handle last-write-wins for concurrent edits (FR-010)
     â†’ null value in column "book_id" of relation "reading_entries" violates not-null constraint
   â¯ tests/unit/services/reading-service.test.js > ReadingService > updateStatus (T038 - from/to validation, history recording) > should update updatedAt timestamp
     â†’ null value in column "book_id" of relation "reading_entries" violates not-null constraint
   â¯ tests/unit/services/reading-service.test.js > ReadingService > updateStatus (T038 - from/to validation, history recording) > should reject invalid status values
     â†’ null value in column "book_id" of relation "reading_entries" violates not-null constraint
   â¯ tests/unit/services/reading-service.test.js > ReadingService > updateStatus (T038 - from/to validation, history recording) > should reject updates to non-existent entries
     â†’ null value in column "book_id" of relation "reading_entries" violates not-null constraint
   â¯ tests/unit/services/reading-service.test.js > ReadingService > addProgressNote (T071 - note length validation, timestamp handling) > should reject note exceeding 1000 characters
     â†’ expected [Function] to throw error matching /length/i but got 'Note content must not exceed 1000 chaâ€¦'
   â¯ tests/unit/services/reading-service.test.js > ReadingService > addProgressNote (T071 - note length validation, timestamp handling) > should reject progress marker exceeding 50 characters
     â†’ expected [Function] to throw error matching /length/i but got 'Progress marker must not exceed 50 châ€¦'
stdout | _log (/Users/zachmartin/projects/active/bookbuddy-mk2/backend/node_modules/dotenv/lib/main.js:142:11)
[dotenv@17.2.3] injecting env (0) from .env.test -- tip: âš™ï¸  load multiple .env files with { path: ['.env.local', '.env'] }

 â¯ tests/integration/us3-rate-reflect.test.js  (11 tests | 11 failed) 83ms
   â¯ tests/integration/us3-rate-reflect.test.js > User Story 3: Rate and Reflect on Finished Books > Complete Rating Journey > should allow reader to finish book, rate it, and see it in Top Rated filter
     â†’ expected 401 to be 201 // Object.is equality
   â¯ tests/integration/us3-rate-reflect.test.js > User Story 3: Rate and Reflect on Finished Books > Complete Rating Journey > should support rating without reflection note
     â†’ Cannot read properties of undefined (reading 'id')
   â¯ tests/integration/us3-rate-reflect.test.js > User Story 3: Rate and Reflect on Finished Books > Complete Rating Journey > should allow updating rating and reflection
     â†’ Cannot read properties of undefined (reading 'id')
   â¯ tests/integration/us3-rate-reflect.test.js > User Story 3: Rate and Reflect on Finished Books > Complete Rating Journey > should allow clearing rating (for re-reads)
     â†’ Cannot read properties of undefined (reading 'id')
   â¯ tests/integration/us3-rate-reflect.test.js > User Story 3: Rate and Reflect on Finished Books > Top Rated Filter > should return only books with rating >= 4 in correct order
     â†’ Cannot read properties of undefined (reading 'id')
   â¯ tests/integration/us3-rate-reflect.test.js > User Story 3: Rate and Reflect on Finished Books > Top Rated Filter > should include reflection notes in Top Rated list
     â†’ Cannot read properties of undefined (reading 'id')
   â¯ tests/integration/us3-rate-reflect.test.js > User Story 3: Rate and Reflect on Finished Books > Top Rated Filter > should support pagination in Top Rated filter
     â†’ Cannot read properties of undefined (reading 'id')
   â¯ tests/integration/us3-rate-reflect.test.js > User Story 3: Rate and Reflect on Finished Books > Rating Validations > should reject rating for non-FINISHED book
     â†’ Cannot read properties of undefined (reading 'id')
   â¯ tests/integration/us3-rate-reflect.test.js > User Story 3: Rate and Reflect on Finished Books > Rating Validations > should reject invalid ratings
     â†’ Cannot read properties of undefined (reading 'id')
   â¯ tests/integration/us3-rate-reflect.test.js > User Story 3: Rate and Reflect on Finished Books > Rating Validations > should reject reflection note exceeding 2000 characters
     â†’ Cannot read properties of undefined (reading 'id')
   â¯ tests/integration/us3-rate-reflect.test.js > User Story 3: Rate and Reflect on Finished Books > Rating Validations > should accept reflection note at max length (2000 chars)
     â†’ Cannot read properties of undefined (reading 'id')
stdout | _log (/Users/zachmartin/projects/active/bookbuddy-mk2/backend/node_modules/dotenv/lib/main.js:142:11)
[dotenv@17.2.3] injecting env (0) from .env.test -- tip: âš™ï¸  suppress all logs with { quiet: true }

stderr | tests/contract/reading-entries.test.js > Reading Entries API - Contract Tests > POST /api/readers/:readerId/reading-entries (T031) > should create a new reading entry with valid book data
Database query error: {
  error: 'insert or update on table "reading_entries" violates foreign key constraint "reading_entries_reader_id_fkey"',
  query: 'INSERT INTO reading_entries\n' +
    '       (id, reader_id, book_id, status, rating, reflection_note, created'
}

stderr | tests/contract/reading-entries.test.js > Reading Entries API - Contract Tests > POST /api/readers/:readerId/reading-entries (T031) > should detect duplicate books (same title, author, edition)
Database query error: {
  error: 'insert or update on table "reading_entries" violates foreign key constraint "reading_entries_reader_id_fkey"',
  query: 'INSERT INTO reading_entries\n' +
    '       (id, reader_id, book_id, status, rating, reflection_note, created'
}

stderr | tests/contract/reading-entries.test.js > Reading Entries API - Contract Tests > GET /api/readers/:readerId/reading-entries (T032) > should return all reading entries for a reader
Database query error: {
  error: 'insert or update on table "reading_entries" violates foreign key constraint "reading_entries_reader_id_fkey"',
  query: 'INSERT INTO reading_entries\n' +
    '       (id, reader_id, book_id, status, rating, reflection_note, created'
}

stderr | tests/contract/reading-entries.test.js > Reading Entries API - Contract Tests > GET /api/readers/:readerId/reading-entries (T032) > should filter reading entries by status
Database query error: {
  error: 'insert or update on table "reading_entries" violates foreign key constraint "reading_entries_reader_id_fkey"',
  query: 'INSERT INTO reading_entries\n' +
    '       (id, reader_id, book_id, status, rating, reflection_note, created'
}

stderr | tests/contract/reading-entries.test.js > Reading Entries API - Contract Tests > GET /api/readers/:readerId/reading-entries (T032) > should support pagination
Database query error: {
  error: 'insert or update on table "reading_entries" violates foreign key constraint "reading_entries_reader_id_fkey"',
  query: 'INSERT INTO reading_entries\n' +
    '       (id, reader_id, book_id, status, rating, reflection_note, created'
}

stderr | tests/contract/reading-entries.test.js > Reading Entries API - Contract Tests > GET /api/readers/:readerId/reading-entries (T032) > should require authentication
Database query error: {
  error: 'insert or update on table "reading_entries" violates foreign key constraint "reading_entries_reader_id_fkey"',
  query: 'INSERT INTO reading_entries\n' +
    '       (id, reader_id, book_id, status, rating, reflection_note, created'
}

stderr | tests/contract/reading-entries.test.js > Reading Entries API - Contract Tests > GET /api/readers/:readerId/reading-entries (T032) > should enforce reader access control
Database query error: {
  error: 'insert or update on table "reading_entries" violates foreign key constraint "reading_entries_reader_id_fkey"',
  query: 'INSERT INTO reading_entries\n' +
    '       (id, reader_id, book_id, status, rating, reflection_note, created'
}

stderr | tests/contract/reading-entries.test.js > Reading Entries API - Contract Tests > PATCH /api/reading-entries/:entryId (T033) > should update entry status and record transition
Database query error: {
  error: 'insert or update on table "reading_entries" violates foreign key constraint "reading_entries_reader_id_fkey"',
  query: 'INSERT INTO reading_entries\n' +
    '       (id, reader_id, book_id, status, rating, reflection_note, created'
}

stderr | tests/contract/reading-entries.test.js > Reading Entries API - Contract Tests > PATCH /api/reading-entries/:entryId (T033) > should handle concurrent edit conflicts (last-write-wins)
Database query error: {
  error: 'insert or update on table "reading_entries" violates foreign key constraint "reading_entries_reader_id_fkey"',
  query: 'INSERT INTO reading_entries\n' +
    '       (id, reader_id, book_id, status, rating, reflection_note, created'
}

stderr | tests/contract/reading-entries.test.js > Reading Entries API - Contract Tests > PATCH /api/reading-entries/:entryId (T033) > should reject invalid status transition
Database query error: {
  error: 'insert or update on table "reading_entries" violates foreign key constraint "reading_entries_reader_id_fkey"',
  query: 'INSERT INTO reading_entries\n' +
    '       (id, reader_id, book_id, status, rating, reflection_note, created'
}

stderr | tests/contract/reading-entries.test.js > Reading Entries API - Contract Tests > PATCH /api/reading-entries/:entryId (T033) > should require authentication
Database query error: {
  error: 'insert or update on table "reading_entries" violates foreign key constraint "reading_entries_reader_id_fkey"',
  query: 'INSERT INTO reading_entries\n' +
    '       (id, reader_id, book_id, status, rating, reflection_note, created'
}

 â¯ tests/contract/reading-entries.test.js  (14 tests | 12 failed) 115ms
   â¯ tests/contract/reading-entries.test.js > Reading Entries API - Contract Tests > POST /api/readers/:readerId/reading-entries (T031) > should create a new reading entry with valid book data
     â†’ expected 500 to be 201 // Object.is equality
   â¯ tests/contract/reading-entries.test.js > Reading Entries API - Contract Tests > POST /api/readers/:readerId/reading-entries (T031) > should reject invalid status value
     â†’ expected { statusCode: 400, â€¦(3) } to match object { statusCode: 400, â€¦(3) }
(1 matching property omitted from actual)
   â¯ tests/contract/reading-entries.test.js > Reading Entries API - Contract Tests > POST /api/readers/:readerId/reading-entries (T031) > should detect duplicate books (same title, author, edition)
     â†’ expected 500 to be 201 // Object.is equality
   â¯ tests/contract/reading-entries.test.js > Reading Entries API - Contract Tests > GET /api/readers/:readerId/reading-entries (T032) > should return all reading entries for a reader
     â†’ Failed to create test book: {"statusCode":500,"code":"23503","error":"Internal Server Error","message":"insert or update on table \"reading_entries\" violates foreign key constraint \"reading_entries_reader_id_fkey\""}
   â¯ tests/contract/reading-entries.test.js > Reading Entries API - Contract Tests > GET /api/readers/:readerId/reading-entries (T032) > should filter reading entries by status
     â†’ Failed to create test book: {"statusCode":500,"code":"23503","error":"Internal Server Error","message":"insert or update on table \"reading_entries\" violates foreign key constraint \"reading_entries_reader_id_fkey\""}
   â¯ tests/contract/reading-entries.test.js > Reading Entries API - Contract Tests > GET /api/readers/:readerId/reading-entries (T032) > should support pagination
     â†’ Failed to create test book: {"statusCode":500,"code":"23503","error":"Internal Server Error","message":"insert or update on table \"reading_entries\" violates foreign key constraint \"reading_entries_reader_id_fkey\""}
   â¯ tests/contract/reading-entries.test.js > Reading Entries API - Contract Tests > GET /api/readers/:readerId/reading-entries (T032) > should require authentication
     â†’ Failed to create test book: {"statusCode":500,"code":"23503","error":"Internal Server Error","message":"insert or update on table \"reading_entries\" violates foreign key constraint \"reading_entries_reader_id_fkey\""}
   â¯ tests/contract/reading-entries.test.js > Reading Entries API - Contract Tests > GET /api/readers/:readerId/reading-entries (T032) > should enforce reader access control
     â†’ Failed to create test book: {"statusCode":500,"code":"23503","error":"Internal Server Error","message":"insert or update on table \"reading_entries\" violates foreign key constraint \"reading_entries_reader_id_fkey\""}
   â¯ tests/contract/reading-entries.test.js > Reading Entries API - Contract Tests > PATCH /api/reading-entries/:entryId (T033) > should update entry status and record transition
     â†’ Failed to create test book: {"statusCode":500,"code":"23503","error":"Internal Server Error","message":"insert or update on table \"reading_entries\" violates foreign key constraint \"reading_entries_reader_id_fkey\""}
   â¯ tests/contract/reading-entries.test.js > Reading Entries API - Contract Tests > PATCH /api/reading-entries/:entryId (T033) > should handle concurrent edit conflicts (last-write-wins)
     â†’ Failed to create test book: {"statusCode":500,"code":"23503","error":"Internal Server Error","message":"insert or update on table \"reading_entries\" violates foreign key constraint \"reading_entries_reader_id_fkey\""}
   â¯ tests/contract/reading-entries.test.js > Reading Entries API - Contract Tests > PATCH /api/reading-entries/:entryId (T033) > should reject invalid status transition
     â†’ Failed to create test book: {"statusCode":500,"code":"23503","error":"Internal Server Error","message":"insert or update on table \"reading_entries\" violates foreign key constraint \"reading_entries_reader_id_fkey\""}
   â¯ tests/contract/reading-entries.test.js > Reading Entries API - Contract Tests > PATCH /api/reading-entries/:entryId (T033) > should require authentication
     â†’ Failed to create test book: {"statusCode":500,"code":"23503","error":"Internal Server Error","message":"insert or update on table \"reading_entries\" violates foreign key constraint \"reading_entries_reader_id_fkey\""}
stdout | _log (/Users/zachmartin/projects/active/bookbuddy-mk2/backend/node_modules/dotenv/lib/main.js:142:11)
[dotenv@17.2.3] injecting env (0) from .env.test -- tip: ðŸ› ï¸  run anywhere with `dotenvx run -- yourcommand`

{"level":50,"time":"2025-10-29T00:46:25.770Z","env":"test","err":{"type":"Error","message":"listen EADDRINUSE: address already in use 0.0.0.0:3002","stack":"Error: listen EADDRINUSE: address already in use 0.0.0.0:3002\n    at Server.setupListenHandle [as _listen2] (node:net:1940:16)\n    at listenInCluster (node:net:1997:12)\n    at node:net:2206:7\n    at processTicksAndRejections (node:internal/process/task_queues:90:21)","code":"EADDRINUSE","errno":-48,"syscall":"listen","address":"0.0.0.0","port":3002},"msg":"Failed to start server"}
stderr | tests/contract/ratings.test.js > Rating API Contract Tests > PUT /api/reading-entries/:entryId/rating > should reject rating for non-finished book
Database query error: {
  error: 'duplicate key value violates unique constraint "reading_entries_unique_reader_book"',
  query: 'INSERT INTO reading_entries (id, reader_id, book_id, status, created_at, updated_at)\n' +
    '         VALUES'
}

 â¯ tests/contract/ratings.test.js  (14 tests | 10 failed) 80ms
   â¯ tests/contract/ratings.test.js > Rating API Contract Tests > PUT /api/reading-entries/:entryId/rating > should set rating and reflection for finished book
     â†’ expected 403 to be 200 // Object.is equality
   â¯ tests/contract/ratings.test.js > Rating API Contract Tests > PUT /api/reading-entries/:entryId/rating > should set rating without reflection note
     â†’ expected 403 to be 200 // Object.is equality
   â¯ tests/contract/ratings.test.js > Rating API Contract Tests > PUT /api/reading-entries/:entryId/rating > should reject rating for non-finished book
     â†’ duplicate key value violates unique constraint "reading_entries_unique_reader_book"
   â¯ tests/contract/ratings.test.js > Rating API Contract Tests > PUT /api/reading-entries/:entryId/rating > should allow updating existing rating
     â†’ expected 403 to be 200 // Object.is equality
   â¯ tests/contract/ratings.test.js > Rating API Contract Tests > DELETE /api/reading-entries/:entryId/rating > should clear rating and reflection note
     â†’ expected 403 to be 200 // Object.is equality
   â¯ tests/contract/ratings.test.js > Rating API Contract Tests > DELETE /api/reading-entries/:entryId/rating > should succeed even if no rating exists
     â†’ expected 403 to be 200 // Object.is equality
   â¯ tests/contract/ratings.test.js > Rating API Contract Tests > GET /api/readers/:readerId/reading-entries?topRated=true > should return only books with rating >= 4
     â†’ expected 401 to be 200 // Object.is equality
   â¯ tests/contract/ratings.test.js > Rating API Contract Tests > GET /api/readers/:readerId/reading-entries?topRated=true > should order top rated books by rating DESC
     â†’ expected 401 to be 200 // Object.is equality
   â¯ tests/contract/ratings.test.js > Rating API Contract Tests > GET /api/readers/:readerId/reading-entries?topRated=true > should return empty array if no top rated books
     â†’ expected 401 to be 200 // Object.is equality
   â¯ tests/contract/ratings.test.js > Rating API Contract Tests > GET /api/readers/:readerId/reading-entries?topRated=true > should support pagination for top rated
     â†’ expected 401 to be 200 // Object.is equality
stdout | _log (/Users/zachmartin/projects/active/bookbuddy-mk2/backend/node_modules/dotenv/lib/main.js:142:11)
[dotenv@17.2.3] injecting env (0) from .env.test -- tip: âš™ï¸  suppress all logs with { quiet: true }

 â¯ tests/integration/us2-track-progress.test.js  (8 tests | 8 failed) 10ms
   â¯ tests/integration/us2-track-progress.test.js > US2: Track Active Reading Progress Integration Test > should complete full user journey: add progress note â†’ retrieve chronologically â†’ verify analytics
     â†’ create is not a function
   â¯ tests/integration/us2-track-progress.test.js > US2: Track Active Reading Progress Integration Test > should handle progress notes for books in READING status
     â†’ create is not a function
   â¯ tests/integration/us2-track-progress.test.js > US2: Track Active Reading Progress Integration Test > should validate note length constraints
     â†’ create is not a function
   â¯ tests/integration/us2-track-progress.test.js > US2: Track Active Reading Progress Integration Test > should validate page/chapter marker length constraints
     â†’ create is not a function
   â¯ tests/integration/us2-track-progress.test.js > US2: Track Active Reading Progress Integration Test > should reject empty notes
     â†’ create is not a function
   â¯ tests/integration/us2-track-progress.test.js > US2: Track Active Reading Progress Integration Test > should handle multiple progress notes over time
     â†’ create is not a function
   â¯ tests/integration/us2-track-progress.test.js > US2: Track Active Reading Progress Integration Test > should return empty array when no progress notes exist
     â†’ create is not a function
   â¯ tests/integration/us2-track-progress.test.js > US2: Track Active Reading Progress Integration Test > should isolate progress notes by reading entry
     â†’ create is not a function
stdout | _log (/Users/zachmartin/projects/active/bookbuddy-mk2/backend/node_modules/dotenv/lib/main.js:142:11)
[dotenv@17.2.3] injecting env (0) from .env.test -- tip: âœ… audit secrets and track compliance: https://dotenvx.com/ops

stderr | tests/integration/us1-organize-pipeline.test.js > US1: Organize Reading Pipeline - Integration Test > should complete full reading journey: add â†’ TO_READ â†’ READING â†’ verify transitions
Database query error: {
  error: 'insert or update on table "reading_entries" violates foreign key constraint "reading_entries_reader_id_fkey"',
  query: 'INSERT INTO reading_entries\n' +
    '       (id, reader_id, book_id, status, rating, reflection_note, created'
}

stderr | tests/integration/us1-organize-pipeline.test.js > US1: Organize Reading Pipeline - Integration Test > should support filtering books by status
Database query error: {
  error: 'insert or update on table "reading_entries" violates foreign key constraint "reading_entries_reader_id_fkey"',
  query: 'INSERT INTO reading_entries\n' +
    '       (id, reader_id, book_id, status, rating, reflection_note, created'
}

stderr | tests/integration/us1-organize-pipeline.test.js > US1: Organize Reading Pipeline - Integration Test > should support filtering books by status
Database query error: {
  error: 'insert or update on table "reading_entries" violates foreign key constraint "reading_entries_reader_id_fkey"',
  query: 'INSERT INTO reading_entries\n' +
    '       (id, reader_id, book_id, status, rating, reflection_note, created'
}

stderr | tests/integration/us1-organize-pipeline.test.js > US1: Organize Reading Pipeline - Integration Test > should support filtering books by status
Database query error: {
  error: 'insert or update on table "reading_entries" violates foreign key constraint "reading_entries_reader_id_fkey"',
  query: 'INSERT INTO reading_entries\n' +
    '       (id, reader_id, book_id, status, rating, reflection_note, created'
}

stderr | tests/integration/us1-organize-pipeline.test.js > US1: Organize Reading Pipeline - Integration Test > should prevent duplicate book entries for same reader
Database query error: {
  error: 'insert or update on table "reading_entries" violates foreign key constraint "reading_entries_reader_id_fkey"',
  query: 'INSERT INTO reading_entries\n' +
    '       (id, reader_id, book_id, status, rating, reflection_note, created'
}

stderr | tests/integration/us1-organize-pipeline.test.js > US1: Organize Reading Pipeline - Integration Test > should handle re-reading scenario (FINISHED â†’ READING)
Database query error: {
  error: 'insert or update on table "reading_entries" violates foreign key constraint "reading_entries_reader_id_fkey"',
  query: 'INSERT INTO reading_entries\n' +
    '       (id, reader_id, book_id, status, rating, reflection_note, created'
}

stderr | tests/integration/us1-organize-pipeline.test.js > US1: Organize Reading Pipeline - Integration Test > should maintain book metadata across status changes
Database query error: {
  error: 'insert or update on table "reading_entries" violates foreign key constraint "reading_entries_reader_id_fkey"',
  query: 'INSERT INTO reading_entries\n' +
    '       (id, reader_id, book_id, status, rating, reflection_note, created'
}

 â¯ tests/integration/us1-organize-pipeline.test.js  (5 tests | 5 failed) 76ms
   â¯ tests/integration/us1-organize-pipeline.test.js > US1: Organize Reading Pipeline - Integration Test > should complete full reading journey: add â†’ TO_READ â†’ READING â†’ verify transitions
     â†’ expected 500 to be 201 // Object.is equality
   â¯ tests/integration/us1-organize-pipeline.test.js > US1: Organize Reading Pipeline - Integration Test > should support filtering books by status
     â†’ expected [] to have a length of 1 but got +0
   â¯ tests/integration/us1-organize-pipeline.test.js > US1: Organize Reading Pipeline - Integration Test > should prevent duplicate book entries for same reader
     â†’ expected 500 to be 201 // Object.is equality
   â¯ tests/integration/us1-organize-pipeline.test.js > US1: Organize Reading Pipeline - Integration Test > should handle re-reading scenario (FINISHED â†’ READING)
     â†’ expected 400 to be 200 // Object.is equality
   â¯ tests/integration/us1-organize-pipeline.test.js > US1: Organize Reading Pipeline - Integration Test > should maintain book metadata across status changes
     â†’ Cannot read properties of undefined (reading 'id')
stdout | _log (/Users/zachmartin/projects/active/bookbuddy-mk2/backend/node_modules/dotenv/lib/main.js:142:11)
[dotenv@17.2.3] injecting env (0) from .env.test -- tip: ðŸ‘¥ sync secrets across teammates & machines: https://dotenvx.com/ops

 â¯ tests/unit/models/progress-update.test.js  (16 tests | 1 failed) 146ms
   â¯ tests/unit/models/progress-update.test.js > ProgressUpdate Model > findByEntry > should only return updates for the specified entry
     â†’ duplicate key value violates unique constraint "reading_entries_unique_reader_book"
stdout | _log (/Users/zachmartin/projects/active/bookbuddy-mk2/backend/node_modules/dotenv/lib/main.js:142:11)
[dotenv@17.2.3] injecting env (0) from .env.test -- tip: âš™ï¸  write to custom object with { processEnv: myObject }

 â¯ tests/contract/progress-notes.test.js  (11 tests | 8 failed) 162ms
   â¯ tests/contract/progress-notes.test.js > Progress Notes API - Contract Tests > POST /api/reading-entries/{entryId}/progress-notes > should create progress note with valid data
     â†’ expected 401 to be 201 // Object.is equality
   â¯ tests/contract/progress-notes.test.js > Progress Notes API - Contract Tests > POST /api/reading-entries/{entryId}/progress-notes > should create progress note without progress marker
     â†’ expected 401 to be 201 // Object.is equality
   â¯ tests/contract/progress-notes.test.js > Progress Notes API - Contract Tests > POST /api/reading-entries/{entryId}/progress-notes > should return 404 for non-existent reading entry
     â†’ expected 401 to be 404 // Object.is equality
   â¯ tests/contract/progress-notes.test.js > Progress Notes API - Contract Tests > POST /api/reading-entries/{entryId}/progress-notes > should include correlation ID in response
     â†’ expected { vary: 'Origin', â€¦(5) } to have property "x-correlation-id"
   â¯ tests/contract/progress-notes.test.js > Progress Notes API - Contract Tests > GET /api/reading-entries/{entryId}/progress-notes > should return progress notes in chronological order (newest first)
     â†’ expected 401 to be 200 // Object.is equality
   â¯ tests/contract/progress-notes.test.js > Progress Notes API - Contract Tests > GET /api/reading-entries/{entryId}/progress-notes > should return empty array when no notes exist
     â†’ expected 401 to be 200 // Object.is equality
   â¯ tests/contract/progress-notes.test.js > Progress Notes API - Contract Tests > GET /api/reading-entries/{entryId}/progress-notes > should return 404 for non-existent reading entry
     â†’ expected 401 to be 404 // Object.is equality
   â¯ tests/contract/progress-notes.test.js > Progress Notes API - Contract Tests > GET /api/reading-entries/{entryId}/progress-notes > should include correlation ID in response
     â†’ expected { vary: 'Origin', â€¦(5) } to have property "x-correlation-id"
stdout | _log (/Users/zachmartin/projects/active/bookbuddy-mk2/backend/node_modules/dotenv/lib/main.js:142:11)
[dotenv@17.2.3] injecting env (0) from .env.test -- tip: ðŸ” prevent building .env in docker: https://dotenvx.com/prebuild

stderr | tests/unit/models/reading-entry.test.js > ReadingEntry Model > create > should create a reading entry with valid data
Database query error: {
  error: 'null value in column "book_id" of relation "reading_entries" violates not-null constraint',
  query: 'INSERT INTO reading_entries\n' +
    '       (id, reader_id, book_id, status, rating, reflection_note, created'
}

stderr | tests/unit/models/reading-entry.test.js > ReadingEntry Model > create > should enforce unique constraint on reader_id + book_id
Database query error: {
  error: 'null value in column "book_id" of relation "reading_entries" violates not-null constraint',
  query: 'INSERT INTO reading_entries\n' +
    '       (id, reader_id, book_id, status, rating, reflection_note, created'
}

stderr | tests/unit/models/reading-entry.test.js > ReadingEntry Model > create > should reject invalid status value
Database query error: {
  error: 'value too long for type character varying(10)',
  query: 'INSERT INTO reading_entries\n' +
    '       (id, reader_id, book_id, status, rating, reflection_note, created'
}

stderr | tests/unit/models/reading-entry.test.js > ReadingEntry Model > create > should reject rating without FINISHED status
Database query error: {
  error: 'null value in column "book_id" of relation "reading_entries" violates not-null constraint',
  query: 'INSERT INTO reading_entries\n' +
    '       (id, reader_id, book_id, status, rating, reflection_note, created'
}

stderr | tests/unit/models/reading-entry.test.js > ReadingEntry Model > create > should allow rating with FINISHED status
Database query error: {
  error: 'null value in column "book_id" of relation "reading_entries" violates not-null constraint',
  query: 'INSERT INTO reading_entries\n' +
    '       (id, reader_id, book_id, status, rating, reflection_note, created'
}

stderr | tests/unit/models/reading-entry.test.js > ReadingEntry Model > findById > should find reading entry by ID
Database query error: {
  error: 'null value in column "book_id" of relation "reading_entries" violates not-null constraint',
  query: 'INSERT INTO reading_entries\n' +
    '       (id, reader_id, book_id, status, rating, reflection_note, created'
}

stderr | tests/unit/models/reading-entry.test.js > ReadingEntry Model > findByReader > should find all entries for a reader
Database query error: {
  error: 'null value in column "book_id" of relation "reading_entries" violates not-null constraint',
  query: 'INSERT INTO reading_entries\n' +
    '       (id, reader_id, book_id, status, rating, reflection_note, created'
}

stderr | tests/unit/models/reading-entry.test.js > ReadingEntry Model > findByReader > should include book details in results
Database query error: {
  error: 'null value in column "book_id" of relation "reading_entries" violates not-null constraint',
  query: 'INSERT INTO reading_entries\n' +
    '       (id, reader_id, book_id, status, rating, reflection_note, created'
}

stderr | tests/unit/models/reading-entry.test.js > ReadingEntry Model > findByReader > should support pagination
Database query error: {
  error: 'null value in column "book_id" of relation "reading_entries" violates not-null constraint',
  query: 'INSERT INTO reading_entries\n' +
    '       (id, reader_id, book_id, status, rating, reflection_note, created'
}

stderr | tests/unit/models/reading-entry.test.js > ReadingEntry Model > findByReaderAndStatus > should filter entries by status
Database query error: {
  error: 'null value in column "book_id" of relation "reading_entries" violates not-null constraint',
  query: 'INSERT INTO reading_entries\n' +
    '       (id, reader_id, book_id, status, rating, reflection_note, created'
}

stderr | tests/unit/models/reading-entry.test.js > ReadingEntry Model > findByReaderAndStatus > should return empty array for status with no entries
Database query error: {
  error: 'null value in column "book_id" of relation "reading_entries" violates not-null constraint',
  query: 'INSERT INTO reading_entries\n' +
    '       (id, reader_id, book_id, status, rating, reflection_note, created'
}

stderr | tests/unit/models/reading-entry.test.js > ReadingEntry Model > updateStatus > should update entry status
Database query error: {
  error: 'null value in column "book_id" of relation "reading_entries" violates not-null constraint',
  query: 'INSERT INTO reading_entries\n' +
    '       (id, reader_id, book_id, status, rating, reflection_note, created'
}

stderr | tests/unit/models/reading-entry.test.js > ReadingEntry Model > updateStatus > should allow updating to any valid status
Database query error: {
  error: 'null value in column "book_id" of relation "reading_entries" violates not-null constraint',
  query: 'INSERT INTO reading_entries\n' +
    '       (id, reader_id, book_id, status, rating, reflection_note, created'
}

stderr | tests/unit/models/reading-entry.test.js > ReadingEntry Model > updateStatus > should reject invalid status
Database query error: {
  error: 'null value in column "book_id" of relation "reading_entries" violates not-null constraint',
  query: 'INSERT INTO reading_entries\n' +
    '       (id, reader_id, book_id, status, rating, reflection_note, created'
}

stderr | tests/unit/models/reading-entry.test.js > ReadingEntry Model > delete > should delete a reading entry
Database query error: {
  error: 'null value in column "book_id" of relation "reading_entries" violates not-null constraint',
  query: 'INSERT INTO reading_entries\n' +
    '       (id, reader_id, book_id, status, rating, reflection_note, created'
}

 â¯ tests/unit/models/reading-entry.test.js  (17 tests | 14 failed) 455ms
   â¯ tests/unit/models/reading-entry.test.js > ReadingEntry Model > create > should create a reading entry with valid data
     â†’ null value in column "book_id" of relation "reading_entries" violates not-null constraint
   â¯ tests/unit/models/reading-entry.test.js > ReadingEntry Model > create > should enforce unique constraint on reader_id + book_id
     â†’ null value in column "book_id" of relation "reading_entries" violates not-null constraint
   â¯ tests/unit/models/reading-entry.test.js > ReadingEntry Model > create > should reject invalid status value
     â†’ expected [Function] to throw error matching /status/i but got 'value too long for type character varâ€¦'
   â¯ tests/unit/models/reading-entry.test.js > ReadingEntry Model > create > should allow rating with FINISHED status
     â†’ null value in column "book_id" of relation "reading_entries" violates not-null constraint
   â¯ tests/unit/models/reading-entry.test.js > ReadingEntry Model > findById > should find reading entry by ID
     â†’ null value in column "book_id" of relation "reading_entries" violates not-null constraint
   â¯ tests/unit/models/reading-entry.test.js > ReadingEntry Model > findByReader > should find all entries for a reader
     â†’ null value in column "book_id" of relation "reading_entries" violates not-null constraint
   â¯ tests/unit/models/reading-entry.test.js > ReadingEntry Model > findByReader > should include book details in results
     â†’ null value in column "book_id" of relation "reading_entries" violates not-null constraint
   â¯ tests/unit/models/reading-entry.test.js > ReadingEntry Model > findByReader > should support pagination
     â†’ null value in column "book_id" of relation "reading_entries" violates not-null constraint
   â¯ tests/unit/models/reading-entry.test.js > ReadingEntry Model > findByReaderAndStatus > should filter entries by status
     â†’ null value in column "book_id" of relation "reading_entries" violates not-null constraint
   â¯ tests/unit/models/reading-entry.test.js > ReadingEntry Model > findByReaderAndStatus > should return empty array for status with no entries
     â†’ null value in column "book_id" of relation "reading_entries" violates not-null constraint
   â¯ tests/unit/models/reading-entry.test.js > ReadingEntry Model > updateStatus > should update entry status
     â†’ null value in column "book_id" of relation "reading_entries" violates not-null constraint
   â¯ tests/unit/models/reading-entry.test.js > ReadingEntry Model > updateStatus > should allow updating to any valid status
     â†’ null value in column "book_id" of relation "reading_entries" violates not-null constraint
   â¯ tests/unit/models/reading-entry.test.js > ReadingEntry Model > updateStatus > should reject invalid status
     â†’ null value in column "book_id" of relation "reading_entries" violates not-null constraint
   â¯ tests/unit/models/reading-entry.test.js > ReadingEntry Model > delete > should delete a reading entry
     â†’ null value in column "book_id" of relation "reading_entries" violates not-null constraint
stdout | _log (/Users/zachmartin/projects/active/bookbuddy-mk2/backend/node_modules/dotenv/lib/main.js:142:11)
[dotenv@17.2.3] injecting env (0) from .env.test -- tip: ðŸ› ï¸  run anywhere with `dotenvx run -- yourcommand`

stderr | tests/unit/models/status-transition.test.js > StatusTransition Model > create > should create initial transition with null fromStatus
Database query error: {
  error: 'null value in column "book_id" of relation "reading_entries" violates not-null constraint',
  query: 'INSERT INTO reading_entries (id, reader_id, book_id, status, created_at, updated_at)\n' +
    '     VALUES ($1'
}

stderr | tests/unit/models/status-transition.test.js > StatusTransition Model > create > should create transition with both statuses
Database query error: {
  error: 'null value in column "book_id" of relation "reading_entries" violates not-null constraint',
  query: 'INSERT INTO reading_entries (id, reader_id, book_id, status, created_at, updated_at)\n' +
    '     VALUES ($1'
}

stderr | tests/unit/models/status-transition.test.js > StatusTransition Model > create > should reject invalid fromStatus
Database query error: {
  error: 'null value in column "book_id" of relation "reading_entries" violates not-null constraint',
  query: 'INSERT INTO reading_entries (id, reader_id, book_id, status, created_at, updated_at)\n' +
    '     VALUES ($1'
}

stderr | tests/unit/models/status-transition.test.js > StatusTransition Model > create > should reject invalid toStatus
Database query error: {
  error: 'null value in column "book_id" of relation "reading_entries" violates not-null constraint',
  query: 'INSERT INTO reading_entries (id, reader_id, book_id, status, created_at, updated_at)\n' +
    '     VALUES ($1'
}

stderr | tests/unit/models/status-transition.test.js > StatusTransition Model > create > should allow all valid status combinations
Database query error: {
  error: 'null value in column "book_id" of relation "reading_entries" violates not-null constraint',
  query: 'INSERT INTO reading_entries (id, reader_id, book_id, status, created_at, updated_at)\n' +
    '     VALUES ($1'
}

stderr | tests/unit/models/status-transition.test.js > StatusTransition Model > findByEntry > should return all transitions for an entry
Database query error: {
  error: 'null value in column "book_id" of relation "reading_entries" violates not-null constraint',
  query: 'INSERT INTO reading_entries (id, reader_id, book_id, status, created_at, updated_at)\n' +
    '     VALUES ($1'
}

stderr | tests/unit/models/status-transition.test.js > StatusTransition Model > findByEntry > should return transitions in reverse chronological order (newest first)
Database query error: {
  error: 'null value in column "book_id" of relation "reading_entries" violates not-null constraint',
  query: 'INSERT INTO reading_entries (id, reader_id, book_id, status, created_at, updated_at)\n' +
    '     VALUES ($1'
}

stderr | tests/unit/models/status-transition.test.js > StatusTransition Model > findByEntry > should return empty array for entry with no transitions
Database query error: {
  error: 'null value in column "book_id" of relation "reading_entries" violates not-null constraint',
  query: 'INSERT INTO reading_entries (id, reader_id, book_id, status, created_at, updated_at)\n' +
    '     VALUES ($1'
}

stderr | tests/unit/models/status-transition.test.js > StatusTransition Model > findByEntry > should return empty array for non-existent entry
Database query error: {
  error: 'null value in column "book_id" of relation "reading_entries" violates not-null constraint',
  query: 'INSERT INTO reading_entries (id, reader_id, book_id, status, created_at, updated_at)\n' +
    '     VALUES ($1'
}

stderr | tests/unit/models/status-transition.test.js > StatusTransition Model > getLatest > should return the most recent transition for an entry
Database query error: {
  error: 'null value in column "book_id" of relation "reading_entries" violates not-null constraint',
  query: 'INSERT INTO reading_entries (id, reader_id, book_id, status, created_at, updated_at)\n' +
    '     VALUES ($1'
}

stderr | tests/unit/models/status-transition.test.js > StatusTransition Model > getLatest > should return null for entry with no transitions
Database query error: {
  error: 'null value in column "book_id" of relation "reading_entries" violates not-null constraint',
  query: 'INSERT INTO reading_entries (id, reader_id, book_id, status, created_at, updated_at)\n' +
    '     VALUES ($1'
}

 â¯ tests/unit/models/status-transition.test.js  (11 tests | 11 failed) 303ms
   â¯ tests/unit/models/status-transition.test.js > StatusTransition Model > create > should create initial transition with null fromStatus
     â†’ null value in column "book_id" of relation "reading_entries" violates not-null constraint
   â¯ tests/unit/models/status-transition.test.js > StatusTransition Model > create > should create transition with both statuses
     â†’ null value in column "book_id" of relation "reading_entries" violates not-null constraint
   â¯ tests/unit/models/status-transition.test.js > StatusTransition Model > create > should reject invalid fromStatus
     â†’ null value in column "book_id" of relation "reading_entries" violates not-null constraint
   â¯ tests/unit/models/status-transition.test.js > StatusTransition Model > create > should reject invalid toStatus
     â†’ null value in column "book_id" of relation "reading_entries" violates not-null constraint
   â¯ tests/unit/models/status-transition.test.js > StatusTransition Model > create > should allow all valid status combinations
     â†’ null value in column "book_id" of relation "reading_entries" violates not-null constraint
   â¯ tests/unit/models/status-transition.test.js > StatusTransition Model > findByEntry > should return all transitions for an entry
     â†’ null value in column "book_id" of relation "reading_entries" violates not-null constraint
   â¯ tests/unit/models/status-transition.test.js > StatusTransition Model > findByEntry > should return transitions in reverse chronological order (newest first)
     â†’ null value in column "book_id" of relation "reading_entries" violates not-null constraint
   â¯ tests/unit/models/status-transition.test.js > StatusTransition Model > findByEntry > should return empty array for entry with no transitions
     â†’ null value in column "book_id" of relation "reading_entries" violates not-null constraint
   â¯ tests/unit/models/status-transition.test.js > StatusTransition Model > findByEntry > should return empty array for non-existent entry
     â†’ null value in column "book_id" of relation "reading_entries" violates not-null constraint
   â¯ tests/unit/models/status-transition.test.js > StatusTransition Model > getLatest > should return the most recent transition for an entry
     â†’ null value in column "book_id" of relation "reading_entries" violates not-null constraint
   â¯ tests/unit/models/status-transition.test.js > StatusTransition Model > getLatest > should return null for entry with no transitions
     â†’ null value in column "book_id" of relation "reading_entries" violates not-null constraint
stdout | _log (/Users/zachmartin/projects/active/bookbuddy-mk2/backend/node_modules/dotenv/lib/main.js:142:11)
[dotenv@17.2.3] injecting env (0) from .env.test -- tip: ðŸ” encrypt with Dotenvx: https://dotenvx.com

stderr | tests/unit/models/book.test.js > Book Model > create > should reject title exceeding 500 characters
Database query error: {
  error: 'value too long for type character varying(500)',
  query: 'INSERT INTO books (id, title, author, edition, isbn, cover_image_url, created_at, updated_at)\n' +
    '      '
}

stderr | tests/unit/models/book.test.js > Book Model > create > should reject author exceeding 200 characters
Database query error: {
  error: 'value too long for type character varying(200)',
  query: 'INSERT INTO books (id, title, author, edition, isbn, cover_image_url, created_at, updated_at)\n' +
    '      '
}

stderr | tests/unit/models/book.test.js > Book Model > create > should reject duplicate book (same title, author, edition)
Database query error: {
  error: 'duplicate key value violates unique constraint "books_unique_book_idx"',
  query: 'INSERT INTO books (id, title, author, edition, isbn, cover_image_url, created_at, updated_at)\n' +
    '      '
}

stderr | tests/unit/models/book.test.js > Book Model > findById > should reject invalid UUID format
Database query error: {
  error: 'invalid input syntax for type uuid: "invalid-uuid"',
  query: 'SELECT * FROM books WHERE id = $1'
}

stderr | tests/unit/models/book.test.js > Book Model > update > should reject invalid field values on update
Database query error: {
  error: 'value too long for type character varying(500)',
  query: 'UPDATE books\n' +
    '       SET title = $1, updated_at = NOW()\n' +
    '       WHERE id = $2\n' +
    '       RETURNING *'
}

 â¯ tests/unit/models/book.test.js  (16 tests | 3 failed) 410ms
   â¯ tests/unit/models/book.test.js > Book Model > create > should reject title exceeding 500 characters
     â†’ expected [Function] to throw error matching /title/i but got 'value too long for type character varâ€¦'
   â¯ tests/unit/models/book.test.js > Book Model > create > should reject author exceeding 200 characters
     â†’ expected [Function] to throw error matching /author/i but got 'value too long for type character varâ€¦'
   â¯ tests/unit/models/book.test.js > Book Model > update > should reject invalid field values on update
     â†’ expected [Function] to throw error matching /title/i but got 'value too long for type character varâ€¦'

âŽ¯âŽ¯âŽ¯âŽ¯âŽ¯âŽ¯ Failed Tests 95 âŽ¯âŽ¯âŽ¯âŽ¯âŽ¯âŽ¯âŽ¯

 FAIL  tests/contract/progress-notes.test.js > Progress Notes API - Contract Tests > POST /api/reading-entries/{entryId}/progress-notes > should create progress note with valid data
AssertionError: expected 401 to be 201 // Object.is equality

- Expected
+ Received

- 201
+ 401

 â¯ tests/contract/progress-notes.test.js:63:35
     61|       });
     62| 
     63|       expect(response.statusCode).toBe(201);
       |                                   ^
     64|       const data = JSON.parse(response.body);
     65| 

âŽ¯âŽ¯âŽ¯âŽ¯âŽ¯âŽ¯âŽ¯âŽ¯âŽ¯âŽ¯âŽ¯âŽ¯âŽ¯âŽ¯âŽ¯âŽ¯âŽ¯âŽ¯âŽ¯âŽ¯âŽ¯âŽ¯âŽ¯[1/95]âŽ¯

 FAIL  tests/contract/progress-notes.test.js > Progress Notes API - Contract Tests > POST /api/reading-entries/{entryId}/progress-notes > should create progress note without progress marker
AssertionError: expected 401 to be 201 // Object.is equality

- Expected
+ Received

- 201
+ 401

 â¯ tests/contract/progress-notes.test.js:86:35
     84|       });
     85| 
     86|       expect(response.statusCode).toBe(201);
       |                                   ^
     87|       const data = JSON.parse(response.body);
     88| 

âŽ¯âŽ¯âŽ¯âŽ¯âŽ¯âŽ¯âŽ¯âŽ¯âŽ¯âŽ¯âŽ¯âŽ¯âŽ¯âŽ¯âŽ¯âŽ¯âŽ¯âŽ¯âŽ¯âŽ¯âŽ¯âŽ¯âŽ¯[2/95]âŽ¯

 FAIL  tests/contract/progress-notes.test.js > Progress Notes API - Contract Tests > POST /api/reading-entries/{entryId}/progress-notes > should return 404 for non-existent reading entry
AssertionError: expected 401 to be 404 // Object.is equality

- Expected
+ Received

- 404
+ 401

 â¯ tests/contract/progress-notes.test.js:151:35
    149|       });
    150| 
    151|       expect(response.statusCode).toBe(404);
       |                                   ^
    152|       const data = JSON.parse(response.body);
    153|       expect(data.error).toBe('Not Found');

âŽ¯âŽ¯âŽ¯âŽ¯âŽ¯âŽ¯âŽ¯âŽ¯âŽ¯âŽ¯âŽ¯âŽ¯âŽ¯âŽ¯âŽ¯âŽ¯âŽ¯âŽ¯âŽ¯âŽ¯âŽ¯âŽ¯âŽ¯[3/95]âŽ¯

 FAIL  tests/contract/progress-notes.test.js > Progress Notes API - Contract Tests > POST /api/reading-entries/{entryId}/progress-notes > should include correlation ID in response
AssertionError: expected { vary: 'Origin', â€¦(5) } to have property "x-correlation-id"
 â¯ tests/contract/progress-notes.test.js:165:32
    163|       });
    164| 
    165|       expect(response.headers).toHaveProperty('x-correlation-id');
       |                                ^
    166|       const data = JSON.parse(response.body);
    167|       expect(data).toHaveProperty('correlationId');

âŽ¯âŽ¯âŽ¯âŽ¯âŽ¯âŽ¯âŽ¯âŽ¯âŽ¯âŽ¯âŽ¯âŽ¯âŽ¯âŽ¯âŽ¯âŽ¯âŽ¯âŽ¯âŽ¯âŽ¯âŽ¯âŽ¯âŽ¯[4/95]âŽ¯

 FAIL  tests/contract/progress-notes.test.js > Progress Notes API - Contract Tests > GET /api/reading-entries/{entryId}/progress-notes > should return progress notes in chronological order (newest first)
AssertionError: expected 401 to be 200 // Object.is equality

- Expected
+ Received

- 200
+ 401

 â¯ tests/contract/progress-notes.test.js:206:35
    204|       });
    205| 
    206|       expect(response.statusCode).toBe(200);
       |                                   ^
    207|       const data = JSON.parse(response.body);
    208| 

âŽ¯âŽ¯âŽ¯âŽ¯âŽ¯âŽ¯âŽ¯âŽ¯âŽ¯âŽ¯âŽ¯âŽ¯âŽ¯âŽ¯âŽ¯âŽ¯âŽ¯âŽ¯âŽ¯âŽ¯âŽ¯âŽ¯âŽ¯[5/95]âŽ¯

 FAIL  tests/contract/progress-notes.test.js > Progress Notes API - Contract Tests > GET /api/reading-entries/{entryId}/progress-notes > should return empty array when no notes exist
AssertionError: expected 401 to be 200 // Object.is equality

- Expected
+ Received

- 200
+ 401

 â¯ tests/contract/progress-notes.test.js:232:35
    230|       });
    231| 
    232|       expect(response.statusCode).toBe(200);
       |                                   ^
    233|       const data = JSON.parse(response.body);
    234|       expect(Array.isArray(data)).toBe(true);

âŽ¯âŽ¯âŽ¯âŽ¯âŽ¯âŽ¯âŽ¯âŽ¯âŽ¯âŽ¯âŽ¯âŽ¯âŽ¯âŽ¯âŽ¯âŽ¯âŽ¯âŽ¯âŽ¯âŽ¯âŽ¯âŽ¯âŽ¯[6/95]âŽ¯

 FAIL  tests/contract/progress-notes.test.js > Progress Notes API - Contract Tests > GET /api/reading-entries/{entryId}/progress-notes > should return 404 for non-existent reading entry
AssertionError: expected 401 to be 404 // Object.is equality

- Expected
+ Received

- 404
+ 401

 â¯ tests/contract/progress-notes.test.js:246:35
    244|       });
    245| 
    246|       expect(response.statusCode).toBe(404);
       |                                   ^
    247|     });
    248| 

âŽ¯âŽ¯âŽ¯âŽ¯âŽ¯âŽ¯âŽ¯âŽ¯âŽ¯âŽ¯âŽ¯âŽ¯âŽ¯âŽ¯âŽ¯âŽ¯âŽ¯âŽ¯âŽ¯âŽ¯âŽ¯âŽ¯âŽ¯[7/95]âŽ¯

 FAIL  tests/contract/progress-notes.test.js > Progress Notes API - Contract Tests > GET /api/reading-entries/{entryId}/progress-notes > should include correlation ID in response
AssertionError: expected { vary: 'Origin', â€¦(5) } to have property "x-correlation-id"
 â¯ tests/contract/progress-notes.test.js:255:32
    253|       });
    254| 
    255|       expect(response.headers).toHaveProperty('x-correlation-id');
       |                                ^
    256|     });
    257|   });

âŽ¯âŽ¯âŽ¯âŽ¯âŽ¯âŽ¯âŽ¯âŽ¯âŽ¯âŽ¯âŽ¯âŽ¯âŽ¯âŽ¯âŽ¯âŽ¯âŽ¯âŽ¯âŽ¯âŽ¯âŽ¯âŽ¯âŽ¯[8/95]âŽ¯

 FAIL  tests/contract/ratings.test.js > Rating API Contract Tests > PUT /api/reading-entries/:entryId/rating > should set rating and reflection for finished book
AssertionError: expected 403 to be 200 // Object.is equality

- Expected
+ Received

- 200
+ 403

 â¯ tests/contract/ratings.test.js:68:35
     66|       });
     67| 
     68|       expect(response.statusCode).toBe(200);
       |                                   ^
     69|       const body = JSON.parse(response.body);
     70|       expect(body).toHaveProperty('readingEntry');

âŽ¯âŽ¯âŽ¯âŽ¯âŽ¯âŽ¯âŽ¯âŽ¯âŽ¯âŽ¯âŽ¯âŽ¯âŽ¯âŽ¯âŽ¯âŽ¯âŽ¯âŽ¯âŽ¯âŽ¯âŽ¯âŽ¯âŽ¯[9/95]âŽ¯

 FAIL  tests/contract/ratings.test.js > Rating API Contract Tests > PUT /api/reading-entries/:entryId/rating > should set rating without reflection note
AssertionError: expected 403 to be 200 // Object.is equality

- Expected
+ Received

- 200
+ 403

 â¯ tests/contract/ratings.test.js:85:35
     83|       });
     84| 
     85|       expect(response.statusCode).toBe(200);
       |                                   ^
     86|       const body = JSON.parse(response.body);
     87|       expect(body.readingEntry.rating).toBe(5);

âŽ¯âŽ¯âŽ¯âŽ¯âŽ¯âŽ¯âŽ¯âŽ¯âŽ¯âŽ¯âŽ¯âŽ¯âŽ¯âŽ¯âŽ¯âŽ¯âŽ¯âŽ¯âŽ¯âŽ¯âŽ¯âŽ¯[10/95]âŽ¯

 FAIL  tests/contract/ratings.test.js > Rating API Contract Tests > PUT /api/reading-entries/:entryId/rating > should reject rating for non-finished book
error: duplicate key value violates unique constraint "reading_entries_unique_reader_book"
 â¯ node_modules/pg-pool/index.js:45:11
 â¯ Module.query src/db/connection.js:36:20
     34|   const start = Date.now();
     35|   try {
     36|     const result = await pool.query(text, params);
       |                    ^
     37|     const duration = Date.now() - start;
     38| 
 â¯ tests/contract/ratings.test.js:94:7

âŽ¯âŽ¯âŽ¯âŽ¯âŽ¯âŽ¯âŽ¯âŽ¯âŽ¯âŽ¯âŽ¯âŽ¯âŽ¯âŽ¯âŽ¯âŽ¯âŽ¯âŽ¯âŽ¯âŽ¯âŽ¯âŽ¯âŽ¯âŽ¯âŽ¯âŽ¯âŽ¯âŽ¯âŽ¯âŽ¯
Serialized Error: { length: 327, severity: 'ERROR', code: '23505', detail: 'Key (reader_id, book_id)=(2f1c5e01-650c-41f2-b239-7188134ca779, 452a4c4f-bfd1-4747-863f-d4354a066664) already exists.', hint: undefined, position: undefined, internalPosition: undefined, internalQuery: undefined, where: undefined, schema: 'public', table: 'reading_entries', column: undefined, dataType: undefined, constraint: 'reading_entries_unique_reader_book', file: 'nbtinsert.c', line: '664', routine: '_bt_check_unique' }
âŽ¯âŽ¯âŽ¯âŽ¯âŽ¯âŽ¯âŽ¯âŽ¯âŽ¯âŽ¯âŽ¯âŽ¯âŽ¯âŽ¯âŽ¯âŽ¯âŽ¯âŽ¯âŽ¯âŽ¯âŽ¯âŽ¯[11/95]âŽ¯

 FAIL  tests/contract/ratings.test.js > Rating API Contract Tests > PUT /api/reading-entries/:entryId/rating > should allow updating existing rating
AssertionError: expected 403 to be 200 // Object.is equality

- Expected
+ Received

- 200
+ 403

 â¯ tests/contract/ratings.test.js:167:35
    165|       });
    166| 
    167|       expect(response.statusCode).toBe(200);
       |                                   ^
    168|       const body = JSON.parse(response.body);
    169|       expect(body.readingEntry.rating).toBe(5);

âŽ¯âŽ¯âŽ¯âŽ¯âŽ¯âŽ¯âŽ¯âŽ¯âŽ¯âŽ¯âŽ¯âŽ¯âŽ¯âŽ¯âŽ¯âŽ¯âŽ¯âŽ¯âŽ¯âŽ¯âŽ¯âŽ¯[12/95]âŽ¯

 FAIL  tests/contract/ratings.test.js > Rating API Contract Tests > DELETE /api/reading-entries/:entryId/rating > should clear rating and reflection note
AssertionError: expected 403 to be 200 // Object.is equality

- Expected
+ Received

- 200
+ 403

 â¯ tests/contract/ratings.test.js:203:35
    201|       });
    202| 
    203|       expect(response.statusCode).toBe(200);
       |                                   ^
    204|       const body = JSON.parse(response.body);
    205|       expect(body.readingEntry.rating).toBeNull();

âŽ¯âŽ¯âŽ¯âŽ¯âŽ¯âŽ¯âŽ¯âŽ¯âŽ¯âŽ¯âŽ¯âŽ¯âŽ¯âŽ¯âŽ¯âŽ¯âŽ¯âŽ¯âŽ¯âŽ¯âŽ¯âŽ¯[13/95]âŽ¯

 FAIL  tests/contract/ratings.test.js > Rating API Contract Tests > DELETE /api/reading-entries/:entryId/rating > should succeed even if no rating exists
AssertionError: expected 403 to be 200 // Object.is equality

- Expected
+ Received

- 200
+ 403

 â¯ tests/contract/ratings.test.js:232:35
    230|       });
    231| 
    232|       expect(response.statusCode).toBe(200);
       |                                   ^
    233|     });
    234|   });

âŽ¯âŽ¯âŽ¯âŽ¯âŽ¯âŽ¯âŽ¯âŽ¯âŽ¯âŽ¯âŽ¯âŽ¯âŽ¯âŽ¯âŽ¯âŽ¯âŽ¯âŽ¯âŽ¯âŽ¯âŽ¯âŽ¯[14/95]âŽ¯

 FAIL  tests/contract/ratings.test.js > Rating API Contract Tests > GET /api/readers/:readerId/reading-entries?topRated=true > should return only books with rating >= 4
AssertionError: expected 401 to be 200 // Object.is equality

- Expected
+ Received

- 200
+ 401

 â¯ tests/contract/ratings.test.js:270:35
    268|       });
    269| 
    270|       expect(response.statusCode).toBe(200);
       |                                   ^
    271|       const body = JSON.parse(response.body);
    272|       expect(body.entries).toBeInstanceOf(Array);

âŽ¯âŽ¯âŽ¯âŽ¯âŽ¯âŽ¯âŽ¯âŽ¯âŽ¯âŽ¯âŽ¯âŽ¯âŽ¯âŽ¯âŽ¯âŽ¯âŽ¯âŽ¯âŽ¯âŽ¯âŽ¯âŽ¯[15/95]âŽ¯

 FAIL  tests/contract/ratings.test.js > Rating API Contract Tests > GET /api/readers/:readerId/reading-entries?topRated=true > should order top rated books by rating DESC
AssertionError: expected 401 to be 200 // Object.is equality

- Expected
+ Received

- 200
+ 401

 â¯ tests/contract/ratings.test.js:287:35
    285|       });
    286| 
    287|       expect(response.statusCode).toBe(200);
       |                                   ^
    288|       const body = JSON.parse(response.body);
    289| 

âŽ¯âŽ¯âŽ¯âŽ¯âŽ¯âŽ¯âŽ¯âŽ¯âŽ¯âŽ¯âŽ¯âŽ¯âŽ¯âŽ¯âŽ¯âŽ¯âŽ¯âŽ¯âŽ¯âŽ¯âŽ¯âŽ¯[16/95]âŽ¯

 FAIL  tests/contract/ratings.test.js > Rating API Contract Tests > GET /api/readers/:readerId/reading-entries?topRated=true > should return empty array if no top rated books
AssertionError: expected 401 to be 200 // Object.is equality

- Expected
+ Received

- 200
+ 401

 â¯ tests/contract/ratings.test.js:305:35
    303|       });
    304| 
    305|       expect(response.statusCode).toBe(200);
       |                                   ^
    306|       const body = JSON.parse(response.body);
    307|       expect(body.entries).toEqual([]);

âŽ¯âŽ¯âŽ¯âŽ¯âŽ¯âŽ¯âŽ¯âŽ¯âŽ¯âŽ¯âŽ¯âŽ¯âŽ¯âŽ¯âŽ¯âŽ¯âŽ¯âŽ¯âŽ¯âŽ¯âŽ¯âŽ¯[17/95]âŽ¯

 FAIL  tests/contract/ratings.test.js > Rating API Contract Tests > GET /api/readers/:readerId/reading-entries?topRated=true > should support pagination for top rated
AssertionError: expected 401 to be 200 // Object.is equality

- Expected
+ Received

- 200
+ 401

 â¯ tests/contract/ratings.test.js:316:35
    314|       });
    315| 
    316|       expect(response.statusCode).toBe(200);
       |                                   ^
    317|       const body = JSON.parse(response.body);
    318|       expect(body.entries.length).toBe(2);

âŽ¯âŽ¯âŽ¯âŽ¯âŽ¯âŽ¯âŽ¯âŽ¯âŽ¯âŽ¯âŽ¯âŽ¯âŽ¯âŽ¯âŽ¯âŽ¯âŽ¯âŽ¯âŽ¯âŽ¯âŽ¯âŽ¯[18/95]âŽ¯

 FAIL  tests/contract/reading-entries.test.js > Reading Entries API - Contract Tests > POST /api/readers/:readerId/reading-entries (T031) > should create a new reading entry with valid book data
AssertionError: expected 500 to be 201 // Object.is equality

- Expected
+ Received

- 201
+ 500

 â¯ tests/contract/reading-entries.test.js:54:35
     52|       });
     53| 
     54|       expect(response.statusCode).toBe(201);
       |                                   ^
     55|       expect(response.json()).toMatchObject({
     56|         id: expect.any(String),

âŽ¯âŽ¯âŽ¯âŽ¯âŽ¯âŽ¯âŽ¯âŽ¯âŽ¯âŽ¯âŽ¯âŽ¯âŽ¯âŽ¯âŽ¯âŽ¯âŽ¯âŽ¯âŽ¯âŽ¯âŽ¯âŽ¯[19/95]âŽ¯

 FAIL  tests/contract/reading-entries.test.js > Reading Entries API - Contract Tests > POST /api/readers/:readerId/reading-entries (T031) > should reject invalid status value
AssertionError: expected { statusCode: 400, â€¦(3) } to match object { statusCode: 400, â€¦(3) }
(1 matching property omitted from actual)

- Expected
+ Received

  Object {
-   "correlationId": Any<String>,
    "error": Any<String>,
    "message": StringMatching /status/i,
    "statusCode": 400,
  }

 â¯ tests/contract/reading-entries.test.js:88:31
     86| 
     87|       expect(response.statusCode).toBe(400);
     88|       expect(response.json()).toMatchObject({
       |                               ^
     89|         statusCode: 400,
     90|         error: expect.any(String),

âŽ¯âŽ¯âŽ¯âŽ¯âŽ¯âŽ¯âŽ¯âŽ¯âŽ¯âŽ¯âŽ¯âŽ¯âŽ¯âŽ¯âŽ¯âŽ¯âŽ¯âŽ¯âŽ¯âŽ¯âŽ¯âŽ¯[20/95]âŽ¯

 FAIL  tests/contract/reading-entries.test.js > Reading Entries API - Contract Tests > POST /api/readers/:readerId/reading-entries (T031) > should detect duplicate books (same title, author, edition)
AssertionError: expected 500 to be 201 // Object.is equality

- Expected
+ Received

- 201
+ 500

 â¯ tests/contract/reading-entries.test.js:130:40
    128|       });
    129| 
    130|       expect(firstResponse.statusCode).toBe(201);
       |                                        ^
    131| 
    132|       // Attempt to create duplicate

âŽ¯âŽ¯âŽ¯âŽ¯âŽ¯âŽ¯âŽ¯âŽ¯âŽ¯âŽ¯âŽ¯âŽ¯âŽ¯âŽ¯âŽ¯âŽ¯âŽ¯âŽ¯âŽ¯âŽ¯âŽ¯âŽ¯[21/95]âŽ¯

 FAIL  tests/contract/reading-entries.test.js > Reading Entries API - Contract Tests > GET /api/readers/:readerId/reading-entries (T032) > should return all reading entries for a reader
 FAIL  tests/contract/reading-entries.test.js > Reading Entries API - Contract Tests > GET /api/readers/:readerId/reading-entries (T032) > should filter reading entries by status
 FAIL  tests/contract/reading-entries.test.js > Reading Entries API - Contract Tests > GET /api/readers/:readerId/reading-entries (T032) > should support pagination
 FAIL  tests/contract/reading-entries.test.js > Reading Entries API - Contract Tests > GET /api/readers/:readerId/reading-entries (T032) > should require authentication
 FAIL  tests/contract/reading-entries.test.js > Reading Entries API - Contract Tests > GET /api/readers/:readerId/reading-entries (T032) > should enforce reader access control
Error: Failed to create test book: {"statusCode":500,"code":"23503","error":"Internal Server Error","message":"insert or update on table \"reading_entries\" violates foreign key constraint \"reading_entries_reader_id_fkey\""}
 â¯ Module.createTestBook tests/helpers/test-data.js:46:11
     44| 
     45|   if (response.statusCode !== 201) {
     46|     throw new Error(`Failed to create test book: ${response.body}`);
       |           ^
     47|   }
     48| 
 â¯ tests/contract/reading-entries.test.js:169:7

âŽ¯âŽ¯âŽ¯âŽ¯âŽ¯âŽ¯âŽ¯âŽ¯âŽ¯âŽ¯âŽ¯âŽ¯âŽ¯âŽ¯âŽ¯âŽ¯âŽ¯âŽ¯âŽ¯âŽ¯âŽ¯âŽ¯[22/95]âŽ¯

 FAIL  tests/contract/reading-entries.test.js > Reading Entries API - Contract Tests > PATCH /api/reading-entries/:entryId (T033) > should update entry status and record transition
 FAIL  tests/contract/reading-entries.test.js > Reading Entries API - Contract Tests > PATCH /api/reading-entries/:entryId (T033) > should handle concurrent edit conflicts (last-write-wins)
 FAIL  tests/contract/reading-entries.test.js > Reading Entries API - Contract Tests > PATCH /api/reading-entries/:entryId (T033) > should reject invalid status transition
 FAIL  tests/contract/reading-entries.test.js > Reading Entries API - Contract Tests > PATCH /api/reading-entries/:entryId (T033) > should require authentication
Error: Failed to create test book: {"statusCode":500,"code":"23503","error":"Internal Server Error","message":"insert or update on table \"reading_entries\" violates foreign key constraint \"reading_entries_reader_id_fkey\""}
 â¯ Module.createTestBook tests/helpers/test-data.js:46:11
     44| 
     45|   if (response.statusCode !== 201) {
     46|     throw new Error(`Failed to create test book: ${response.body}`);
       |           ^
     47|   }
     48| 
 â¯ tests/contract/reading-entries.test.js:268:21

âŽ¯âŽ¯âŽ¯âŽ¯âŽ¯âŽ¯âŽ¯âŽ¯âŽ¯âŽ¯âŽ¯âŽ¯âŽ¯âŽ¯âŽ¯âŽ¯âŽ¯âŽ¯âŽ¯âŽ¯âŽ¯âŽ¯[23/95]âŽ¯

 FAIL  tests/integration/us1-organize-pipeline.test.js > US1: Organize Reading Pipeline - Integration Test > should complete full reading journey: add â†’ TO_READ â†’ READING â†’ verify transitions
AssertionError: expected 500 to be 201 // Object.is equality

- Expected
+ Received

- 201
+ 500

 â¯ tests/integration/us1-organize-pipeline.test.js:52:36
     50|     });
     51| 
     52|     expect(addResponse.statusCode).toBe(201);
       |                                    ^
     53|     const addedEntry = addResponse.json();
     54|     expect(addedEntry.status).toBe('TO_READ');

âŽ¯âŽ¯âŽ¯âŽ¯âŽ¯âŽ¯âŽ¯âŽ¯âŽ¯âŽ¯âŽ¯âŽ¯âŽ¯âŽ¯âŽ¯âŽ¯âŽ¯âŽ¯âŽ¯âŽ¯âŽ¯âŽ¯[24/95]âŽ¯

 FAIL  tests/integration/us1-organize-pipeline.test.js > US1: Organize Reading Pipeline - Integration Test > should support filtering books by status
AssertionError: expected [] to have a length of 1 but got +0

- Expected
+ Received

- 1
+ 0

 â¯ tests/integration/us1-organize-pipeline.test.js:178:43
    176|     });
    177| 
    178|     expect(toReadResponse.json().entries).toHaveLength(1);
       |                                           ^
    179|     expect(readingResponse.json().entries).toHaveLength(1);
    180|     expect(finishedResponse.json().entries).toHaveLength(1);

âŽ¯âŽ¯âŽ¯âŽ¯âŽ¯âŽ¯âŽ¯âŽ¯âŽ¯âŽ¯âŽ¯âŽ¯âŽ¯âŽ¯âŽ¯âŽ¯âŽ¯âŽ¯âŽ¯âŽ¯âŽ¯âŽ¯[25/95]âŽ¯

 FAIL  tests/integration/us1-organize-pipeline.test.js > US1: Organize Reading Pipeline - Integration Test > should prevent duplicate book entries for same reader
AssertionError: expected 500 to be 201 // Object.is equality

- Expected
+ Received

- 201
+ 500

 â¯ tests/integration/us1-organize-pipeline.test.js:200:38
    198|     });
    199| 
    200|     expect(firstResponse.statusCode).toBe(201);
       |                                      ^
    201| 
    202|     // Attempt to add same book again

âŽ¯âŽ¯âŽ¯âŽ¯âŽ¯âŽ¯âŽ¯âŽ¯âŽ¯âŽ¯âŽ¯âŽ¯âŽ¯âŽ¯âŽ¯âŽ¯âŽ¯âŽ¯âŽ¯âŽ¯âŽ¯âŽ¯[26/95]âŽ¯

 FAIL  tests/integration/us1-organize-pipeline.test.js > US1: Organize Reading Pipeline - Integration Test > should handle re-reading scenario (FINISHED â†’ READING)
AssertionError: expected 400 to be 200 // Object.is equality

- Expected
+ Received

- 200
+ 400

 â¯ tests/integration/us1-organize-pipeline.test.js:243:39
    241|     });
    242| 
    243|     expect(reReadResponse.statusCode).toBe(200);
       |                                       ^
    244|     expect(reReadResponse.json().status).toBe('READING');
    245| 

âŽ¯âŽ¯âŽ¯âŽ¯âŽ¯âŽ¯âŽ¯âŽ¯âŽ¯âŽ¯âŽ¯âŽ¯âŽ¯âŽ¯âŽ¯âŽ¯âŽ¯âŽ¯âŽ¯âŽ¯âŽ¯âŽ¯[27/95]âŽ¯

 FAIL  tests/integration/us1-organize-pipeline.test.js > US1: Organize Reading Pipeline - Integration Test > should maintain book metadata across status changes
TypeError: Cannot read properties of undefined (reading 'id')
 â¯ tests/integration/us1-organize-pipeline.test.js:274:43
    272| 
    273|     const entryId = addResponse.json().id;
    274|     const bookId = addResponse.json().book.id;
       |                                           ^
    275| 
    276|     // Change status multiple times

âŽ¯âŽ¯âŽ¯âŽ¯âŽ¯âŽ¯âŽ¯âŽ¯âŽ¯âŽ¯âŽ¯âŽ¯âŽ¯âŽ¯âŽ¯âŽ¯âŽ¯âŽ¯âŽ¯âŽ¯âŽ¯âŽ¯[28/95]âŽ¯

 FAIL  tests/integration/us2-track-progress.test.js > US2: Track Active Reading Progress Integration Test > should complete full user journey: add progress note â†’ retrieve chronologically â†’ verify analytics
 FAIL  tests/integration/us2-track-progress.test.js > US2: Track Active Reading Progress Integration Test > should handle progress notes for books in READING status
 FAIL  tests/integration/us2-track-progress.test.js > US2: Track Active Reading Progress Integration Test > should validate note length constraints
 FAIL  tests/integration/us2-track-progress.test.js > US2: Track Active Reading Progress Integration Test > should validate page/chapter marker length constraints
 FAIL  tests/integration/us2-track-progress.test.js > US2: Track Active Reading Progress Integration Test > should reject empty notes
 FAIL  tests/integration/us2-track-progress.test.js > US2: Track Active Reading Progress Integration Test > should handle multiple progress notes over time
 FAIL  tests/integration/us2-track-progress.test.js > US2: Track Active Reading Progress Integration Test > should return empty array when no progress notes exist
 FAIL  tests/integration/us2-track-progress.test.js > US2: Track Active Reading Progress Integration Test > should isolate progress notes by reading entry
TypeError: create is not a function
 â¯ tests/integration/us2-track-progress.test.js:34:29
     32|   beforeEach(async () => {
     33|     // Create test book
     34|     const book = await Book.create({
       |                             ^
     35|       title: 'Journey Through Middle-earth',
     36|       author: 'J.R.R. Tolkien',

âŽ¯âŽ¯âŽ¯âŽ¯âŽ¯âŽ¯âŽ¯âŽ¯âŽ¯âŽ¯âŽ¯âŽ¯âŽ¯âŽ¯âŽ¯âŽ¯âŽ¯âŽ¯âŽ¯âŽ¯âŽ¯âŽ¯[29/95]âŽ¯

 FAIL  tests/integration/us3-rate-reflect.test.js > User Story 3: Rate and Reflect on Finished Books > Complete Rating Journey > should allow reader to finish book, rate it, and see it in Top Rated filter
AssertionError: expected 401 to be 201 // Object.is equality

- Expected
+ Received

- 201
+ 401

 â¯ tests/integration/us3-rate-reflect.test.js:54:42
     52|       });
     53| 
     54|       expect(addBookResponse.statusCode).toBe(201);
       |                                          ^
     55|       const { readingEntry: entry1 } = JSON.parse(addBookResponse.bodyâ€¦
     56|       const entryId = entry1.id;

âŽ¯âŽ¯âŽ¯âŽ¯âŽ¯âŽ¯âŽ¯âŽ¯âŽ¯âŽ¯âŽ¯âŽ¯âŽ¯âŽ¯âŽ¯âŽ¯âŽ¯âŽ¯âŽ¯âŽ¯âŽ¯âŽ¯[30/95]âŽ¯

 FAIL  tests/integration/us3-rate-reflect.test.js > User Story 3: Rate and Reflect on Finished Books > Complete Rating Journey > should support rating without reflection note
TypeError: Cannot read properties of undefined (reading 'id')
 â¯ tests/integration/us3-rate-reflect.test.js:139:44
    137|       const rateResponse = await app.inject({
    138|         method: 'PUT',
    139|         url: `/api/reading-entries/${entry.id}/rating`,
       |                                            ^
    140|         payload: {
    141|           rating: 5,

âŽ¯âŽ¯âŽ¯âŽ¯âŽ¯âŽ¯âŽ¯âŽ¯âŽ¯âŽ¯âŽ¯âŽ¯âŽ¯âŽ¯âŽ¯âŽ¯âŽ¯âŽ¯âŽ¯âŽ¯âŽ¯âŽ¯[31/95]âŽ¯

 FAIL  tests/integration/us3-rate-reflect.test.js > User Story 3: Rate and Reflect on Finished Books > Complete Rating Journey > should allow updating rating and reflection
TypeError: Cannot read properties of undefined (reading 'id')
 â¯ tests/integration/us3-rate-reflect.test.js:177:44
    175|       await app.inject({
    176|         method: 'PUT',
    177|         url: `/api/reading-entries/${entry.id}/rating`,
       |                                            ^
    178|         payload: {
    179|           rating: 3,

âŽ¯âŽ¯âŽ¯âŽ¯âŽ¯âŽ¯âŽ¯âŽ¯âŽ¯âŽ¯âŽ¯âŽ¯âŽ¯âŽ¯âŽ¯âŽ¯âŽ¯âŽ¯âŽ¯âŽ¯âŽ¯âŽ¯[32/95]âŽ¯

 FAIL  tests/integration/us3-rate-reflect.test.js > User Story 3: Rate and Reflect on Finished Books > Complete Rating Journey > should allow clearing rating (for re-reads)
TypeError: Cannot read properties of undefined (reading 'id')
 â¯ tests/integration/us3-rate-reflect.test.js:226:44
    224|       await app.inject({
    225|         method: 'PUT',
    226|         url: `/api/reading-entries/${entry.id}/rating`,
       |                                            ^
    227|         payload: {
    228|           rating: 4,

âŽ¯âŽ¯âŽ¯âŽ¯âŽ¯âŽ¯âŽ¯âŽ¯âŽ¯âŽ¯âŽ¯âŽ¯âŽ¯âŽ¯âŽ¯âŽ¯âŽ¯âŽ¯âŽ¯âŽ¯âŽ¯âŽ¯[33/95]âŽ¯

 FAIL  tests/integration/us3-rate-reflect.test.js > User Story 3: Rate and Reflect on Finished Books > Top Rated Filter > should return only books with rating >= 4 in correct order
 FAIL  tests/integration/us3-rate-reflect.test.js > User Story 3: Rate and Reflect on Finished Books > Top Rated Filter > should include reflection notes in Top Rated list
 FAIL  tests/integration/us3-rate-reflect.test.js > User Story 3: Rate and Reflect on Finished Books > Top Rated Filter > should support pagination in Top Rated filter
TypeError: Cannot read properties of undefined (reading 'id')
 â¯ tests/integration/us3-rate-reflect.test.js:284:48
    282|           await app.inject({
    283|             method: 'PUT',
    284|             url: `/api/reading-entries/${entry.id}/rating`,
       |                                                ^
    285|             payload: {
    286|               rating: book.rating,

âŽ¯âŽ¯âŽ¯âŽ¯âŽ¯âŽ¯âŽ¯âŽ¯âŽ¯âŽ¯âŽ¯âŽ¯âŽ¯âŽ¯âŽ¯âŽ¯âŽ¯âŽ¯âŽ¯âŽ¯âŽ¯âŽ¯[34/95]âŽ¯

 FAIL  tests/integration/us3-rate-reflect.test.js > User Story 3: Rate and Reflect on Finished Books > Rating Validations > should reject rating for non-FINISHED book
 FAIL  tests/integration/us3-rate-reflect.test.js > User Story 3: Rate and Reflect on Finished Books > Rating Validations > should reject invalid ratings
 FAIL  tests/integration/us3-rate-reflect.test.js > User Story 3: Rate and Reflect on Finished Books > Rating Validations > should reject reflection note exceeding 2000 characters
 FAIL  tests/integration/us3-rate-reflect.test.js > User Story 3: Rate and Reflect on Finished Books > Rating Validations > should accept reflection note at max length (2000 chars)
TypeError: Cannot read properties of undefined (reading 'id')
 â¯ tests/integration/us3-rate-reflect.test.js:370:23
    368| 
    369|       const { readingEntry: entry } = JSON.parse(addResponse.body);
    370|       entryId = entry.id;
       |                       ^
    371|     });
    372| 

âŽ¯âŽ¯âŽ¯âŽ¯âŽ¯âŽ¯âŽ¯âŽ¯âŽ¯âŽ¯âŽ¯âŽ¯âŽ¯âŽ¯âŽ¯âŽ¯âŽ¯âŽ¯âŽ¯âŽ¯âŽ¯âŽ¯[35/95]âŽ¯

 FAIL  tests/unit/models/book.test.js > Book Model > create > should reject title exceeding 500 characters
AssertionError: expected [Function] to throw error matching /title/i but got 'value too long for type character varâ€¦'

- Expected: 
/title/i

+ Received: 
"value too long for type character varying(500)"

 â¯ tests/unit/models/book.test.js:62:7
     60|       };
     61| 
     62|       await expect(Book.create(bookData)).rejects.toThrow(/title/i);
       |       ^
     63|     });
     64| 

âŽ¯âŽ¯âŽ¯âŽ¯âŽ¯âŽ¯âŽ¯âŽ¯âŽ¯âŽ¯âŽ¯âŽ¯âŽ¯âŽ¯âŽ¯âŽ¯âŽ¯âŽ¯âŽ¯âŽ¯âŽ¯âŽ¯[36/95]âŽ¯

 FAIL  tests/unit/models/book.test.js > Book Model > create > should reject author exceeding 200 characters
AssertionError: expected [Function] to throw error matching /author/i but got 'value too long for type character varâ€¦'

- Expected: 
/author/i

+ Received: 
"value too long for type character varying(200)"

 â¯ tests/unit/models/book.test.js:71:7
     69|       };
     70| 
     71|       await expect(Book.create(bookData)).rejects.toThrow(/author/i);
       |       ^
     72|     });
     73| 

âŽ¯âŽ¯âŽ¯âŽ¯âŽ¯âŽ¯âŽ¯âŽ¯âŽ¯âŽ¯âŽ¯âŽ¯âŽ¯âŽ¯âŽ¯âŽ¯âŽ¯âŽ¯âŽ¯âŽ¯âŽ¯âŽ¯[37/95]âŽ¯

 FAIL  tests/unit/models/book.test.js > Book Model > update > should reject invalid field values on update
AssertionError: expected [Function] to throw error matching /title/i but got 'value too long for type character varâ€¦'

- Expected: 
/title/i

+ Received: 
"value too long for type character varying(500)"

 â¯ tests/unit/models/book.test.js:220:7
    218|       });
    219| 
    220|       await expect(
       |       ^
    221|         Book.update(book.id, {
    222|           title: 'a'.repeat(501),

âŽ¯âŽ¯âŽ¯âŽ¯âŽ¯âŽ¯âŽ¯âŽ¯âŽ¯âŽ¯âŽ¯âŽ¯âŽ¯âŽ¯âŽ¯âŽ¯âŽ¯âŽ¯âŽ¯âŽ¯âŽ¯âŽ¯[38/95]âŽ¯

 FAIL  tests/unit/models/progress-update.test.js > ProgressUpdate Model > findByEntry > should only return updates for the specified entry
error: duplicate key value violates unique constraint "reading_entries_unique_reader_book"
 â¯ node_modules/pg-pool/index.js:45:11
 â¯ tests/unit/models/progress-update.test.js:179:32
    177|     it('should only return updates for the specified entry', async () â€¦
    178|       // Create another reading entry
    179|       const otherEntryResult = await pool.query(
       |                                ^
    180|         `INSERT INTO reading_entries (reader_id, book_id, status)
    181|          VALUES ($1, $2, $3)

âŽ¯âŽ¯âŽ¯âŽ¯âŽ¯âŽ¯âŽ¯âŽ¯âŽ¯âŽ¯âŽ¯âŽ¯âŽ¯âŽ¯âŽ¯âŽ¯âŽ¯âŽ¯âŽ¯âŽ¯âŽ¯âŽ¯âŽ¯âŽ¯âŽ¯âŽ¯âŽ¯âŽ¯âŽ¯âŽ¯
Serialized Error: { length: 327, severity: 'ERROR', code: '23505', detail: 'Key (reader_id, book_id)=(74779681-56be-48d4-bd9a-3ed87e078827, 6927b499-d1a0-4540-b200-97c3dade1485) already exists.', hint: undefined, position: undefined, internalPosition: undefined, internalQuery: undefined, where: undefined, schema: 'public', table: 'reading_entries', column: undefined, dataType: undefined, constraint: 'reading_entries_unique_reader_book', file: 'nbtinsert.c', line: '664', routine: '_bt_check_unique' }
âŽ¯âŽ¯âŽ¯âŽ¯âŽ¯âŽ¯âŽ¯âŽ¯âŽ¯âŽ¯âŽ¯âŽ¯âŽ¯âŽ¯âŽ¯âŽ¯âŽ¯âŽ¯âŽ¯âŽ¯âŽ¯âŽ¯[39/95]âŽ¯

 FAIL  tests/unit/models/reading-entry.test.js > ReadingEntry Model > create > should create a reading entry with valid data
error: null value in column "book_id" of relation "reading_entries" violates not-null constraint
 â¯ node_modules/pg-pool/index.js:45:11
 â¯ Module.query src/db/connection.js:36:20
     34|   const start = Date.now();
     35|   try {
     36|     const result = await pool.query(text, params);
       |                    ^
     37|     const duration = Date.now() - start;
     38| 
 â¯ ReadingEntry.create src/models/reading-entry.js:26:20
 â¯ tests/unit/models/reading-entry.test.js:29:21

âŽ¯âŽ¯âŽ¯âŽ¯âŽ¯âŽ¯âŽ¯âŽ¯âŽ¯âŽ¯âŽ¯âŽ¯âŽ¯âŽ¯âŽ¯âŽ¯âŽ¯âŽ¯âŽ¯âŽ¯âŽ¯âŽ¯âŽ¯âŽ¯âŽ¯âŽ¯âŽ¯âŽ¯âŽ¯âŽ¯
Serialized Error: { length: 375, severity: 'ERROR', code: '23502', detail: 'Failing row contains (78cb62b2-8339-439c-978b-f7b51753acd4, 580b769d-0807-4ef7-947e-28ac5b94da85, null, TO_READ, null, null, 2025-10-29 00:46:26.270084+00, 2025-10-29 00:46:26.270084+00).', hint: undefined, position: undefined, internalPosition: undefined, internalQuery: undefined, where: undefined, schema: 'public', table: 'reading_entries', column: 'book_id', dataType: undefined, constraint: undefined, file: 'execMain.c', line: '1971', routine: 'ExecConstraints' }
âŽ¯âŽ¯âŽ¯âŽ¯âŽ¯âŽ¯âŽ¯âŽ¯âŽ¯âŽ¯âŽ¯âŽ¯âŽ¯âŽ¯âŽ¯âŽ¯âŽ¯âŽ¯âŽ¯âŽ¯âŽ¯âŽ¯[40/95]âŽ¯

 FAIL  tests/unit/models/reading-entry.test.js > ReadingEntry Model > create > should enforce unique constraint on reader_id + book_id
error: null value in column "book_id" of relation "reading_entries" violates not-null constraint
 â¯ node_modules/pg-pool/index.js:45:11
 â¯ Module.query src/db/connection.js:36:20
     34|   const start = Date.now();
     35|   try {
     36|     const result = await pool.query(text, params);
       |                    ^
     37|     const duration = Date.now() - start;
     38| 
 â¯ ReadingEntry.create src/models/reading-entry.js:26:20
 â¯ tests/unit/models/reading-entry.test.js:48:7

âŽ¯âŽ¯âŽ¯âŽ¯âŽ¯âŽ¯âŽ¯âŽ¯âŽ¯âŽ¯âŽ¯âŽ¯âŽ¯âŽ¯âŽ¯âŽ¯âŽ¯âŽ¯âŽ¯âŽ¯âŽ¯âŽ¯âŽ¯âŽ¯âŽ¯âŽ¯âŽ¯âŽ¯âŽ¯âŽ¯
Serialized Error: { length: 375, severity: 'ERROR', code: '23502', detail: 'Failing row contains (95eaa661-6399-4f50-a3e5-071c680168bf, 122fb2ed-1a21-4cd6-a4cc-82b503d95cce, null, TO_READ, null, null, 2025-10-29 00:46:26.299348+00, 2025-10-29 00:46:26.299348+00).', hint: undefined, position: undefined, internalPosition: undefined, internalQuery: undefined, where: undefined, schema: 'public', table: 'reading_entries', column: 'book_id', dataType: undefined, constraint: undefined, file: 'execMain.c', line: '1971', routine: 'ExecConstraints' }
âŽ¯âŽ¯âŽ¯âŽ¯âŽ¯âŽ¯âŽ¯âŽ¯âŽ¯âŽ¯âŽ¯âŽ¯âŽ¯âŽ¯âŽ¯âŽ¯âŽ¯âŽ¯âŽ¯âŽ¯âŽ¯âŽ¯[41/95]âŽ¯

 FAIL  tests/unit/models/reading-entry.test.js > ReadingEntry Model > create > should reject invalid status value
AssertionError: expected [Function] to throw error matching /status/i but got 'value too long for type character varâ€¦'

- Expected: 
/status/i

+ Received: 
"value too long for type character varying(10)"

 â¯ tests/unit/models/reading-entry.test.js:64:7
     62| 
     63|     it('should reject invalid status value', async () => {
     64|       await expect(
       |       ^
     65|         ReadingEntry.create({
     66|           readerId: testReaderId,

âŽ¯âŽ¯âŽ¯âŽ¯âŽ¯âŽ¯âŽ¯âŽ¯âŽ¯âŽ¯âŽ¯âŽ¯âŽ¯âŽ¯âŽ¯âŽ¯âŽ¯âŽ¯âŽ¯âŽ¯âŽ¯âŽ¯[42/95]âŽ¯

 FAIL  tests/unit/models/reading-entry.test.js > ReadingEntry Model > create > should allow rating with FINISHED status
error: null value in column "book_id" of relation "reading_entries" violates not-null constraint
 â¯ node_modules/pg-pool/index.js:45:11
 â¯ Module.query src/db/connection.js:36:20
     34|   const start = Date.now();
     35|   try {
     36|     const result = await pool.query(text, params);
       |                    ^
     37|     const duration = Date.now() - start;
     38| 
 â¯ ReadingEntry.create src/models/reading-entry.js:26:20
 â¯ tests/unit/models/reading-entry.test.js:85:21

âŽ¯âŽ¯âŽ¯âŽ¯âŽ¯âŽ¯âŽ¯âŽ¯âŽ¯âŽ¯âŽ¯âŽ¯âŽ¯âŽ¯âŽ¯âŽ¯âŽ¯âŽ¯âŽ¯âŽ¯âŽ¯âŽ¯âŽ¯âŽ¯âŽ¯âŽ¯âŽ¯âŽ¯âŽ¯âŽ¯
Serialized Error: { length: 380, severity: 'ERROR', code: '23502', detail: 'Failing row contains (06595e60-e955-4ee9-9132-1ddf3fe6e522, c089fd57-a407-4d6b-9dbe-8b578b70571b, null, FINISHED, 4, Great book!, 2025-10-29 00:46:26.383968+00, 2025-10-29 00:46:26.383968+00).', hint: undefined, position: undefined, internalPosition: undefined, internalQuery: undefined, where: undefined, schema: 'public', table: 'reading_entries', column: 'book_id', dataType: undefined, constraint: undefined, file: 'execMain.c', line: '1971', routine: 'ExecConstraints' }
âŽ¯âŽ¯âŽ¯âŽ¯âŽ¯âŽ¯âŽ¯âŽ¯âŽ¯âŽ¯âŽ¯âŽ¯âŽ¯âŽ¯âŽ¯âŽ¯âŽ¯âŽ¯âŽ¯âŽ¯âŽ¯âŽ¯[43/95]âŽ¯

 FAIL  tests/unit/models/reading-entry.test.js > ReadingEntry Model > findById > should find reading entry by ID
error: null value in column "book_id" of relation "reading_entries" violates not-null constraint
 â¯ node_modules/pg-pool/index.js:45:11
 â¯ Module.query src/db/connection.js:36:20
     34|   const start = Date.now();
     35|   try {
     36|     const result = await pool.query(text, params);
       |                    ^
     37|     const duration = Date.now() - start;
     38| 
 â¯ ReadingEntry.create src/models/reading-entry.js:26:20
 â¯ tests/unit/models/reading-entry.test.js:100:23

âŽ¯âŽ¯âŽ¯âŽ¯âŽ¯âŽ¯âŽ¯âŽ¯âŽ¯âŽ¯âŽ¯âŽ¯âŽ¯âŽ¯âŽ¯âŽ¯âŽ¯âŽ¯âŽ¯âŽ¯âŽ¯âŽ¯âŽ¯âŽ¯âŽ¯âŽ¯âŽ¯âŽ¯âŽ¯âŽ¯
Serialized Error: { length: 373, severity: 'ERROR', code: '23502', detail: 'Failing row contains (fc5505ad-7c0c-458d-95bb-b4c47bc49e40, c303f981-e15a-4c58-9b01-4e5f18e4b091, null, READING, null, null, 2025-10-29 00:46:26.41008+00, 2025-10-29 00:46:26.41008+00).', hint: undefined, position: undefined, internalPosition: undefined, internalQuery: undefined, where: undefined, schema: 'public', table: 'reading_entries', column: 'book_id', dataType: undefined, constraint: undefined, file: 'execMain.c', line: '1971', routine: 'ExecConstraints' }
âŽ¯âŽ¯âŽ¯âŽ¯âŽ¯âŽ¯âŽ¯âŽ¯âŽ¯âŽ¯âŽ¯âŽ¯âŽ¯âŽ¯âŽ¯âŽ¯âŽ¯âŽ¯âŽ¯âŽ¯âŽ¯âŽ¯[44/95]âŽ¯

 FAIL  tests/unit/models/reading-entry.test.js > ReadingEntry Model > findByReader > should find all entries for a reader
 FAIL  tests/unit/models/reading-entry.test.js > ReadingEntry Model > findByReader > should include book details in results
 FAIL  tests/unit/models/reading-entry.test.js > ReadingEntry Model > findByReader > should support pagination
error: null value in column "book_id" of relation "reading_entries" violates not-null constraint
 â¯ node_modules/pg-pool/index.js:45:11
 â¯ Module.query src/db/connection.js:36:20
     34|   const start = Date.now();
     35|   try {
     36|     const result = await pool.query(text, params);
       |                    ^
     37|     const duration = Date.now() - start;
     38| 
 â¯ ReadingEntry.create src/models/reading-entry.js:26:20
 â¯ tests/unit/models/reading-entry.test.js:129:7

âŽ¯âŽ¯âŽ¯âŽ¯âŽ¯âŽ¯âŽ¯âŽ¯âŽ¯âŽ¯âŽ¯âŽ¯âŽ¯âŽ¯âŽ¯âŽ¯âŽ¯âŽ¯âŽ¯âŽ¯âŽ¯âŽ¯âŽ¯âŽ¯âŽ¯âŽ¯âŽ¯âŽ¯âŽ¯âŽ¯
Serialized Error: { length: 373, severity: 'ERROR', code: '23502', detail: 'Failing row contains (7fcbdc9c-9602-4ff0-b2a7-ab7da1972ec3, 30c2d947-defe-4997-8f59-52d46d1c5078, null, TO_READ, null, null, 2025-10-29 00:46:26.45866+00, 2025-10-29 00:46:26.45866+00).', hint: undefined, position: undefined, internalPosition: undefined, internalQuery: undefined, where: undefined, schema: 'public', table: 'reading_entries', column: 'book_id', dataType: undefined, constraint: undefined, file: 'execMain.c', line: '1971', routine: 'ExecConstraints' }
âŽ¯âŽ¯âŽ¯âŽ¯âŽ¯âŽ¯âŽ¯âŽ¯âŽ¯âŽ¯âŽ¯âŽ¯âŽ¯âŽ¯âŽ¯âŽ¯âŽ¯âŽ¯âŽ¯âŽ¯âŽ¯âŽ¯[45/95]âŽ¯

 FAIL  tests/unit/models/reading-entry.test.js > ReadingEntry Model > findByReaderAndStatus > should filter entries by status
 FAIL  tests/unit/models/reading-entry.test.js > ReadingEntry Model > findByReaderAndStatus > should return empty array for status with no entries
error: null value in column "book_id" of relation "reading_entries" violates not-null constraint
 â¯ node_modules/pg-pool/index.js:45:11
 â¯ Module.query src/db/connection.js:36:20
     34|   const start = Date.now();
     35|   try {
     36|     const result = await pool.query(text, params);
       |                    ^
     37|     const duration = Date.now() - start;
     38| 
 â¯ ReadingEntry.create src/models/reading-entry.js:26:20
 â¯ tests/unit/models/reading-entry.test.js:180:7

âŽ¯âŽ¯âŽ¯âŽ¯âŽ¯âŽ¯âŽ¯âŽ¯âŽ¯âŽ¯âŽ¯âŽ¯âŽ¯âŽ¯âŽ¯âŽ¯âŽ¯âŽ¯âŽ¯âŽ¯âŽ¯âŽ¯âŽ¯âŽ¯âŽ¯âŽ¯âŽ¯âŽ¯âŽ¯âŽ¯
Serialized Error: { length: 375, severity: 'ERROR', code: '23502', detail: 'Failing row contains (1db68cc4-04ea-4d04-af3e-9d068c614065, 68a91646-509a-4a43-a43b-9969ac956961, null, READING, null, null, 2025-10-29 00:46:26.539276+00, 2025-10-29 00:46:26.539276+00).', hint: undefined, position: undefined, internalPosition: undefined, internalQuery: undefined, where: undefined, schema: 'public', table: 'reading_entries', column: 'book_id', dataType: undefined, constraint: undefined, file: 'execMain.c', line: '1971', routine: 'ExecConstraints' }
âŽ¯âŽ¯âŽ¯âŽ¯âŽ¯âŽ¯âŽ¯âŽ¯âŽ¯âŽ¯âŽ¯âŽ¯âŽ¯âŽ¯âŽ¯âŽ¯âŽ¯âŽ¯âŽ¯âŽ¯âŽ¯âŽ¯[46/95]âŽ¯

 FAIL  tests/unit/models/reading-entry.test.js > ReadingEntry Model > updateStatus > should update entry status
error: null value in column "book_id" of relation "reading_entries" violates not-null constraint
 â¯ node_modules/pg-pool/index.js:45:11
 â¯ Module.query src/db/connection.js:36:20
     34|   const start = Date.now();
     35|   try {
     36|     const result = await pool.query(text, params);
       |                    ^
     37|     const duration = Date.now() - start;
     38| 
 â¯ ReadingEntry.create src/models/reading-entry.js:26:20
 â¯ tests/unit/models/reading-entry.test.js:216:21

âŽ¯âŽ¯âŽ¯âŽ¯âŽ¯âŽ¯âŽ¯âŽ¯âŽ¯âŽ¯âŽ¯âŽ¯âŽ¯âŽ¯âŽ¯âŽ¯âŽ¯âŽ¯âŽ¯âŽ¯âŽ¯âŽ¯âŽ¯âŽ¯âŽ¯âŽ¯âŽ¯âŽ¯âŽ¯âŽ¯
Serialized Error: { length: 373, severity: 'ERROR', code: '23502', detail: 'Failing row contains (d064644e-1835-4f77-971d-512da9d22e7f, f7f8fd14-ba2c-4817-b7b3-532f00ace523, null, TO_READ, null, null, 2025-10-29 00:46:26.59289+00, 2025-10-29 00:46:26.59289+00).', hint: undefined, position: undefined, internalPosition: undefined, internalQuery: undefined, where: undefined, schema: 'public', table: 'reading_entries', column: 'book_id', dataType: undefined, constraint: undefined, file: 'execMain.c', line: '1971', routine: 'ExecConstraints' }
âŽ¯âŽ¯âŽ¯âŽ¯âŽ¯âŽ¯âŽ¯âŽ¯âŽ¯âŽ¯âŽ¯âŽ¯âŽ¯âŽ¯âŽ¯âŽ¯âŽ¯âŽ¯âŽ¯âŽ¯âŽ¯âŽ¯[47/95]âŽ¯

 FAIL  tests/unit/models/reading-entry.test.js > ReadingEntry Model > updateStatus > should allow updating to any valid status
error: null value in column "book_id" of relation "reading_entries" violates not-null constraint
 â¯ node_modules/pg-pool/index.js:45:11
 â¯ Module.query src/db/connection.js:36:20
     34|   const start = Date.now();
     35|   try {
     36|     const result = await pool.query(text, params);
       |                    ^
     37|     const duration = Date.now() - start;
     38| 
 â¯ ReadingEntry.create src/models/reading-entry.js:26:20
 â¯ tests/unit/models/reading-entry.test.js:229:21

âŽ¯âŽ¯âŽ¯âŽ¯âŽ¯âŽ¯âŽ¯âŽ¯âŽ¯âŽ¯âŽ¯âŽ¯âŽ¯âŽ¯âŽ¯âŽ¯âŽ¯âŽ¯âŽ¯âŽ¯âŽ¯âŽ¯âŽ¯âŽ¯âŽ¯âŽ¯âŽ¯âŽ¯âŽ¯âŽ¯
Serialized Error: { length: 375, severity: 'ERROR', code: '23502', detail: 'Failing row contains (8629d348-0400-4311-a2d4-e05cc5badbe7, 34098948-49d5-41cc-84d3-5e4d4f22bb31, null, READING, null, null, 2025-10-29 00:46:26.618737+00, 2025-10-29 00:46:26.618737+00).', hint: undefined, position: undefined, internalPosition: undefined, internalQuery: undefined, where: undefined, schema: 'public', table: 'reading_entries', column: 'book_id', dataType: undefined, constraint: undefined, file: 'execMain.c', line: '1971', routine: 'ExecConstraints' }
âŽ¯âŽ¯âŽ¯âŽ¯âŽ¯âŽ¯âŽ¯âŽ¯âŽ¯âŽ¯âŽ¯âŽ¯âŽ¯âŽ¯âŽ¯âŽ¯âŽ¯âŽ¯âŽ¯âŽ¯âŽ¯âŽ¯[48/95]âŽ¯

 FAIL  tests/unit/models/reading-entry.test.js > ReadingEntry Model > updateStatus > should reject invalid status
error: null value in column "book_id" of relation "reading_entries" violates not-null constraint
 â¯ node_modules/pg-pool/index.js:45:11
 â¯ Module.query src/db/connection.js:36:20
     34|   const start = Date.now();
     35|   try {
     36|     const result = await pool.query(text, params);
       |                    ^
     37|     const duration = Date.now() - start;
     38| 
 â¯ ReadingEntry.create src/models/reading-entry.js:26:20
 â¯ tests/unit/models/reading-entry.test.js:241:21

âŽ¯âŽ¯âŽ¯âŽ¯âŽ¯âŽ¯âŽ¯âŽ¯âŽ¯âŽ¯âŽ¯âŽ¯âŽ¯âŽ¯âŽ¯âŽ¯âŽ¯âŽ¯âŽ¯âŽ¯âŽ¯âŽ¯âŽ¯âŽ¯âŽ¯âŽ¯âŽ¯âŽ¯âŽ¯âŽ¯
Serialized Error: { length: 375, severity: 'ERROR', code: '23502', detail: 'Failing row contains (27bf8ee3-0650-4543-9f4b-122914f790ad, 179a7b9f-f8f5-47df-b3e0-59c4977f8f17, null, TO_READ, null, null, 2025-10-29 00:46:26.643639+00, 2025-10-29 00:46:26.643639+00).', hint: undefined, position: undefined, internalPosition: undefined, internalQuery: undefined, where: undefined, schema: 'public', table: 'reading_entries', column: 'book_id', dataType: undefined, constraint: undefined, file: 'execMain.c', line: '1971', routine: 'ExecConstraints' }
âŽ¯âŽ¯âŽ¯âŽ¯âŽ¯âŽ¯âŽ¯âŽ¯âŽ¯âŽ¯âŽ¯âŽ¯âŽ¯âŽ¯âŽ¯âŽ¯âŽ¯âŽ¯âŽ¯âŽ¯âŽ¯âŽ¯[49/95]âŽ¯

 FAIL  tests/unit/models/reading-entry.test.js > ReadingEntry Model > delete > should delete a reading entry
error: null value in column "book_id" of relation "reading_entries" violates not-null constraint
 â¯ node_modules/pg-pool/index.js:45:11
 â¯ Module.query src/db/connection.js:36:20
     34|   const start = Date.now();
     35|   try {
     36|     const result = await pool.query(text, params);
       |                    ^
     37|     const duration = Date.now() - start;
     38| 
 â¯ ReadingEntry.create src/models/reading-entry.js:26:20
 â¯ tests/unit/models/reading-entry.test.js:253:21

âŽ¯âŽ¯âŽ¯âŽ¯âŽ¯âŽ¯âŽ¯âŽ¯âŽ¯âŽ¯âŽ¯âŽ¯âŽ¯âŽ¯âŽ¯âŽ¯âŽ¯âŽ¯âŽ¯âŽ¯âŽ¯âŽ¯âŽ¯âŽ¯âŽ¯âŽ¯âŽ¯âŽ¯âŽ¯âŽ¯
Serialized Error: { length: 373, severity: 'ERROR', code: '23502', detail: 'Failing row contains (6d149d09-5cbb-483e-8bf5-197986d494b2, 171bef9c-4324-44b2-8293-ebc57fb2b954, null, TO_READ, null, null, 2025-10-29 00:46:26.67155+00, 2025-10-29 00:46:26.67155+00).', hint: undefined, position: undefined, internalPosition: undefined, internalQuery: undefined, where: undefined, schema: 'public', table: 'reading_entries', column: 'book_id', dataType: undefined, constraint: undefined, file: 'execMain.c', line: '1971', routine: 'ExecConstraints' }
âŽ¯âŽ¯âŽ¯âŽ¯âŽ¯âŽ¯âŽ¯âŽ¯âŽ¯âŽ¯âŽ¯âŽ¯âŽ¯âŽ¯âŽ¯âŽ¯âŽ¯âŽ¯âŽ¯âŽ¯âŽ¯âŽ¯[50/95]âŽ¯

 FAIL  tests/unit/models/status-transition.test.js > StatusTransition Model > create > should create initial transition with null fromStatus
 FAIL  tests/unit/models/status-transition.test.js > StatusTransition Model > create > should create transition with both statuses
 FAIL  tests/unit/models/status-transition.test.js > StatusTransition Model > create > should reject invalid fromStatus
 FAIL  tests/unit/models/status-transition.test.js > StatusTransition Model > create > should reject invalid toStatus
 FAIL  tests/unit/models/status-transition.test.js > StatusTransition Model > create > should allow all valid status combinations
 FAIL  tests/unit/models/status-transition.test.js > StatusTransition Model > findByEntry > should return all transitions for an entry
 FAIL  tests/unit/models/status-transition.test.js > StatusTransition Model > findByEntry > should return transitions in reverse chronological order (newest first)
 FAIL  tests/unit/models/status-transition.test.js > StatusTransition Model > findByEntry > should return empty array for entry with no transitions
 FAIL  tests/unit/models/status-transition.test.js > StatusTransition Model > findByEntry > should return empty array for non-existent entry
 FAIL  tests/unit/models/status-transition.test.js > StatusTransition Model > getLatest > should return the most recent transition for an entry
 FAIL  tests/unit/models/status-transition.test.js > StatusTransition Model > getLatest > should return null for entry with no transitions
error: null value in column "book_id" of relation "reading_entries" violates not-null constraint
 â¯ node_modules/pg-pool/index.js:45:11
 â¯ Module.query src/db/connection.js:36:20
     34|   const start = Date.now();
     35|   try {
     36|     const result = await pool.query(text, params);
       |                    ^
     37|     const duration = Date.now() - start;
     38| 
 â¯ Module.createReadingEntryDirect tests/helpers/test-data.js:100:18
 â¯ tests/unit/models/status-transition.test.js:28:19

âŽ¯âŽ¯âŽ¯âŽ¯âŽ¯âŽ¯âŽ¯âŽ¯âŽ¯âŽ¯âŽ¯âŽ¯âŽ¯âŽ¯âŽ¯âŽ¯âŽ¯âŽ¯âŽ¯âŽ¯âŽ¯âŽ¯âŽ¯âŽ¯âŽ¯âŽ¯âŽ¯âŽ¯âŽ¯âŽ¯
Serialized Error: { length: 375, severity: 'ERROR', code: '23502', detail: 'Failing row contains (ffac4f4a-cdb4-4580-b3fd-128b870a5206, 82534f0e-9439-4086-b3d6-ccf26efb6803, null, TO_READ, null, null, 2025-10-29 00:46:26.734262+00, 2025-10-29 00:46:26.734262+00).', hint: undefined, position: undefined, internalPosition: undefined, internalQuery: undefined, where: undefined, schema: 'public', table: 'reading_entries', column: 'book_id', dataType: undefined, constraint: undefined, file: 'execMain.c', line: '1971', routine: 'ExecConstraints' }
âŽ¯âŽ¯âŽ¯âŽ¯âŽ¯âŽ¯âŽ¯âŽ¯âŽ¯âŽ¯âŽ¯âŽ¯âŽ¯âŽ¯âŽ¯âŽ¯âŽ¯âŽ¯âŽ¯âŽ¯âŽ¯âŽ¯[51/95]âŽ¯

 FAIL  tests/unit/services/reading-service.test.js > ReadingService > addBook (T037 - duplicate detection, unique constraint) > should detect duplicate books by title, author, and edition
AssertionError: expected [Function] to throw error matching /already exists/i but got 'duplicate key value violates unique câ€¦'

- Expected: 
/already exists/i

+ Received: 
"duplicate key value violates unique constraint \"reading_entries_unique_reader_book\""

 â¯ tests/unit/services/reading-service.test.js:100:7
     98| 
     99|       // Attempt to add same book
    100|       await expect(
       |       ^
    101|         ReadingService.addBook(testReaderId, {
    102|           title: 'Duplicate Book',

âŽ¯âŽ¯âŽ¯âŽ¯âŽ¯âŽ¯âŽ¯âŽ¯âŽ¯âŽ¯âŽ¯âŽ¯âŽ¯âŽ¯âŽ¯âŽ¯âŽ¯âŽ¯âŽ¯âŽ¯âŽ¯âŽ¯[52/95]âŽ¯

 FAIL  tests/unit/services/reading-service.test.js > ReadingService > addBook (T037 - duplicate detection, unique constraint) > should validate title length (max 500)
AssertionError: expected [Function] to throw error matching /title/i but got 'value too long for type character varâ€¦'

- Expected: 
/title/i

+ Received: 
"value too long for type character varying(500)"

 â¯ tests/unit/services/reading-service.test.js:150:7
    148| 
    149|     it('should validate title length (max 500)', async () => {
    150|       await expect(
       |       ^
    151|         ReadingService.addBook(testReaderId, {
    152|           title: 'a'.repeat(501),

âŽ¯âŽ¯âŽ¯âŽ¯âŽ¯âŽ¯âŽ¯âŽ¯âŽ¯âŽ¯âŽ¯âŽ¯âŽ¯âŽ¯âŽ¯âŽ¯âŽ¯âŽ¯âŽ¯âŽ¯âŽ¯âŽ¯[53/95]âŽ¯

 FAIL  tests/unit/services/reading-service.test.js > ReadingService > addBook (T037 - duplicate detection, unique constraint) > should validate author length (max 200)
AssertionError: expected [Function] to throw error matching /author/i but got 'value too long for type character varâ€¦'

- Expected: 
/author/i

+ Received: 
"value too long for type character varying(200)"

 â¯ tests/unit/services/reading-service.test.js:160:7
    158| 
    159|     it('should validate author length (max 200)', async () => {
    160|       await expect(
       |       ^
    161|         ReadingService.addBook(testReaderId, {
    162|           title: 'Valid Title',

âŽ¯âŽ¯âŽ¯âŽ¯âŽ¯âŽ¯âŽ¯âŽ¯âŽ¯âŽ¯âŽ¯âŽ¯âŽ¯âŽ¯âŽ¯âŽ¯âŽ¯âŽ¯âŽ¯âŽ¯âŽ¯âŽ¯[54/95]âŽ¯

 FAIL  tests/unit/services/reading-service.test.js > ReadingService > updateStatus (T038 - from/to validation, history recording) > should update status and record transition
 FAIL  tests/unit/services/reading-service.test.js > ReadingService > updateStatus (T038 - from/to validation, history recording) > should log analytics event for status change (FR-016)
 FAIL  tests/unit/services/reading-service.test.js > ReadingService > updateStatus (T038 - from/to validation, history recording) > should validate status transitions
 FAIL  tests/unit/services/reading-service.test.js > ReadingService > updateStatus (T038 - from/to validation, history recording) > should handle last-write-wins for concurrent edits (FR-010)
 FAIL  tests/unit/services/reading-service.test.js > ReadingService > updateStatus (T038 - from/to validation, history recording) > should update updatedAt timestamp
 FAIL  tests/unit/services/reading-service.test.js > ReadingService > updateStatus (T038 - from/to validation, history recording) > should reject invalid status values
 FAIL  tests/unit/services/reading-service.test.js > ReadingService > updateStatus (T038 - from/to validation, history recording) > should reject updates to non-existent entries
error: null value in column "book_id" of relation "reading_entries" violates not-null constraint
 â¯ node_modules/pg-pool/index.js:45:11
 â¯ Module.query src/db/connection.js:36:20
     34|   const start = Date.now();
     35|   try {
     36|     const result = await pool.query(text, params);
       |                    ^
     37|     const duration = Date.now() - start;
     38| 
 â¯ Module.createReadingEntryDirect tests/helpers/test-data.js:100:18
 â¯ tests/unit/services/reading-service.test.js:235:21

âŽ¯âŽ¯âŽ¯âŽ¯âŽ¯âŽ¯âŽ¯âŽ¯âŽ¯âŽ¯âŽ¯âŽ¯âŽ¯âŽ¯âŽ¯âŽ¯âŽ¯âŽ¯âŽ¯âŽ¯âŽ¯âŽ¯âŽ¯âŽ¯âŽ¯âŽ¯âŽ¯âŽ¯âŽ¯âŽ¯
Serialized Error: { length: 375, severity: 'ERROR', code: '23502', detail: 'Failing row contains (4a00992a-8d0c-4981-899c-506361a72223, a891c8c9-964c-4480-b0a3-785d011f9f03, null, TO_READ, null, null, 2025-10-29 00:46:24.178295+00, 2025-10-29 00:46:24.178295+00).', hint: undefined, position: undefined, internalPosition: undefined, internalQuery: undefined, where: undefined, schema: 'public', table: 'reading_entries', column: 'book_id', dataType: undefined, constraint: undefined, file: 'execMain.c', line: '1971', routine: 'ExecConstraints' }
âŽ¯âŽ¯âŽ¯âŽ¯âŽ¯âŽ¯âŽ¯âŽ¯âŽ¯âŽ¯âŽ¯âŽ¯âŽ¯âŽ¯âŽ¯âŽ¯âŽ¯âŽ¯âŽ¯âŽ¯âŽ¯âŽ¯[55/95]âŽ¯

 FAIL  tests/unit/services/reading-service.test.js > ReadingService > addProgressNote (T071 - note length validation, timestamp handling) > should reject note exceeding 1000 characters
AssertionError: expected [Function] to throw error matching /length/i but got 'Note content must not exceed 1000 chaâ€¦'

- Expected: 
/length/i

+ Received: 
"Note content must not exceed 1000 characters"

âŽ¯âŽ¯âŽ¯âŽ¯âŽ¯âŽ¯âŽ¯âŽ¯âŽ¯âŽ¯âŽ¯âŽ¯âŽ¯âŽ¯âŽ¯âŽ¯âŽ¯âŽ¯âŽ¯âŽ¯âŽ¯âŽ¯[56/95]âŽ¯

 FAIL  tests/unit/services/reading-service.test.js > ReadingService > addProgressNote (T071 - note length validation, timestamp handling) > should reject progress marker exceeding 50 characters
AssertionError: expected [Function] to throw error matching /length/i but got 'Progress marker must not exceed 50 châ€¦'

- Expected: 
/length/i

+ Received: 
"Progress marker must not exceed 50 characters"

âŽ¯âŽ¯âŽ¯âŽ¯âŽ¯âŽ¯âŽ¯âŽ¯âŽ¯âŽ¯âŽ¯âŽ¯âŽ¯âŽ¯âŽ¯âŽ¯âŽ¯âŽ¯âŽ¯âŽ¯âŽ¯âŽ¯[57/95]âŽ¯

âŽ¯âŽ¯âŽ¯âŽ¯âŽ¯âŽ¯ Unhandled Errors âŽ¯âŽ¯âŽ¯âŽ¯âŽ¯âŽ¯

Vitest caught 6 unhandled errors during the test run.
This might cause false positive tests. Resolve unhandled errors to make sure your tests are not affected.

âŽ¯âŽ¯âŽ¯âŽ¯âŽ¯ Uncaught Exception âŽ¯âŽ¯âŽ¯âŽ¯âŽ¯
Error: Cannot write headers after they are sent to the client
 â¯ Response.writeHead node:_http_server:354:11
 â¯ Response.writeHead node_modules/light-my-request/lib/response.js:63:58
 â¯ safeWriteHead node_modules/fastify/lib/reply.js:578:9
 â¯ onSendEnd node_modules/fastify/lib/reply.js:643:5
 â¯ wrapOnSendEnd node_modules/fastify/lib/reply.js:571:5
 â¯ next node_modules/fastify/lib/hooks.js:289:7
 â¯ node_modules/@fastify/session/lib/fastifySession.js:202:9
 â¯ node_modules/@fastify/session/lib/session.js:180:11
 â¯ node_modules/connect-pg-simple/index.js:394:24
 â¯ processTicksAndRejections node:internal/process/task_queues:90:21

âŽ¯âŽ¯âŽ¯âŽ¯âŽ¯âŽ¯âŽ¯âŽ¯âŽ¯âŽ¯âŽ¯âŽ¯âŽ¯âŽ¯âŽ¯âŽ¯âŽ¯âŽ¯âŽ¯âŽ¯âŽ¯âŽ¯âŽ¯âŽ¯âŽ¯âŽ¯âŽ¯âŽ¯âŽ¯âŽ¯
Serialized Error: { code: 'ERR_HTTP_HEADERS_SENT' }
This error originated in "tests/contract/reading-entries.test.js" test file. It doesn't mean the error was thrown inside the file itself, but while it was running.
The latest test that might've caused the error is "should create a new reading entry with valid book data". It might mean one of the following:
- The error was thrown, while Vitest was running this test.
- If the error occurred after the test had been completed, this was the last documented test before it was thrown.

âŽ¯âŽ¯âŽ¯âŽ¯ Unhandled Rejection âŽ¯âŽ¯âŽ¯âŽ¯âŽ¯
Error: process.exit unexpectedly called with "1"
 â¯ process.exit node_modules/vitest/dist/vendor/execute.fL3szUAI.js:401:11
 â¯ start src/server.js:90:13
     88|   } catch (err) {
     89|     logger.error(err, 'Failed to start server');
     90|     process.exit(1);
       |             ^
     91|   }
     92| }
 â¯ processTicksAndRejections node:internal/process/task_queues:105:5

This error originated in "tests/contract/ratings.test.js" test file. It doesn't mean the error was thrown inside the file itself, but while it was running.
The latest test that might've caused the error is "should set rating and reflection for finished book". It might mean one of the following:
- The error was thrown, while Vitest was running this test.
- If the error occurred after the test had been completed, this was the last documented test before it was thrown.

âŽ¯âŽ¯âŽ¯âŽ¯âŽ¯ Uncaught Exception âŽ¯âŽ¯âŽ¯âŽ¯âŽ¯
Error: Cannot write headers after they are sent to the client
 â¯ Response.writeHead node:_http_server:354:11
 â¯ Response.writeHead node_modules/light-my-request/lib/response.js:63:58
 â¯ safeWriteHead node_modules/fastify/lib/reply.js:578:9
 â¯ onSendEnd node_modules/fastify/lib/reply.js:643:5
 â¯ wrapOnSendEnd node_modules/fastify/lib/reply.js:571:5
 â¯ next node_modules/fastify/lib/hooks.js:289:7
 â¯ node_modules/@fastify/session/lib/fastifySession.js:202:9
 â¯ node_modules/@fastify/session/lib/session.js:180:11
 â¯ node_modules/connect-pg-simple/index.js:394:24
 â¯ processTicksAndRejections node:internal/process/task_queues:90:21

âŽ¯âŽ¯âŽ¯âŽ¯âŽ¯âŽ¯âŽ¯âŽ¯âŽ¯âŽ¯âŽ¯âŽ¯âŽ¯âŽ¯âŽ¯âŽ¯âŽ¯âŽ¯âŽ¯âŽ¯âŽ¯âŽ¯âŽ¯âŽ¯âŽ¯âŽ¯âŽ¯âŽ¯âŽ¯âŽ¯
Serialized Error: { code: 'ERR_HTTP_HEADERS_SENT' }
This error originated in "tests/integration/us1-organize-pipeline.test.js" test file. It doesn't mean the error was thrown inside the file itself, but while it was running.
The latest test that might've caused the error is "should complete full reading journey: add â†’ TO_READ â†’ READING â†’ verify transitions". It might mean one of the following:
- The error was thrown, while Vitest was running this test.
- If the error occurred after the test had been completed, this was the last documented test before it was thrown.

âŽ¯âŽ¯âŽ¯âŽ¯âŽ¯ Uncaught Exception âŽ¯âŽ¯âŽ¯âŽ¯âŽ¯
Error: Cannot write headers after they are sent to the client
 â¯ Response.writeHead node:_http_server:354:11
 â¯ Response.writeHead node_modules/light-my-request/lib/response.js:63:58
 â¯ safeWriteHead node_modules/fastify/lib/reply.js:578:9
 â¯ onSendEnd node_modules/fastify/lib/reply.js:643:5
 â¯ wrapOnSendEnd node_modules/fastify/lib/reply.js:571:5
 â¯ next node_modules/fastify/lib/hooks.js:289:7
 â¯ node_modules/@fastify/session/lib/fastifySession.js:202:9
 â¯ node_modules/@fastify/session/lib/session.js:180:11
 â¯ node_modules/connect-pg-simple/index.js:394:24
 â¯ processTicksAndRejections node:internal/process/task_queues:90:21

âŽ¯âŽ¯âŽ¯âŽ¯âŽ¯âŽ¯âŽ¯âŽ¯âŽ¯âŽ¯âŽ¯âŽ¯âŽ¯âŽ¯âŽ¯âŽ¯âŽ¯âŽ¯âŽ¯âŽ¯âŽ¯âŽ¯âŽ¯âŽ¯âŽ¯âŽ¯âŽ¯âŽ¯âŽ¯âŽ¯
Serialized Error: { code: 'ERR_HTTP_HEADERS_SENT' }
This error originated in "tests/integration/us1-organize-pipeline.test.js" test file. It doesn't mean the error was thrown inside the file itself, but while it was running.
The latest test that might've caused the error is "should prevent duplicate book entries for same reader". It might mean one of the following:
- The error was thrown, while Vitest was running this test.
- If the error occurred after the test had been completed, this was the last documented test before it was thrown.

âŽ¯âŽ¯âŽ¯âŽ¯âŽ¯ Uncaught Exception âŽ¯âŽ¯âŽ¯âŽ¯âŽ¯
Error: Cannot write headers after they are sent to the client
 â¯ Response.writeHead node:_http_server:354:11
 â¯ Response.writeHead node_modules/light-my-request/lib/response.js:63:58
 â¯ safeWriteHead node_modules/fastify/lib/reply.js:578:9
 â¯ onSendEnd node_modules/fastify/lib/reply.js:643:5
 â¯ wrapOnSendEnd node_modules/fastify/lib/reply.js:571:5
 â¯ next node_modules/fastify/lib/hooks.js:289:7
 â¯ node_modules/@fastify/session/lib/fastifySession.js:202:9
 â¯ node_modules/@fastify/session/lib/session.js:180:11
 â¯ node_modules/connect-pg-simple/index.js:394:24
 â¯ processTicksAndRejections node:internal/process/task_queues:90:21

âŽ¯âŽ¯âŽ¯âŽ¯âŽ¯âŽ¯âŽ¯âŽ¯âŽ¯âŽ¯âŽ¯âŽ¯âŽ¯âŽ¯âŽ¯âŽ¯âŽ¯âŽ¯âŽ¯âŽ¯âŽ¯âŽ¯âŽ¯âŽ¯âŽ¯âŽ¯âŽ¯âŽ¯âŽ¯âŽ¯
Serialized Error: { code: 'ERR_HTTP_HEADERS_SENT' }
This error originated in "tests/integration/us1-organize-pipeline.test.js" test file. It doesn't mean the error was thrown inside the file itself, but while it was running.
The latest test that might've caused the error is "should prevent duplicate book entries for same reader". It might mean one of the following:
- The error was thrown, while Vitest was running this test.
- If the error occurred after the test had been completed, this was the last documented test before it was thrown.

âŽ¯âŽ¯âŽ¯âŽ¯âŽ¯ Uncaught Exception âŽ¯âŽ¯âŽ¯âŽ¯âŽ¯
Error: Cannot write headers after they are sent to the client
 â¯ Response.writeHead node:_http_server:354:11
 â¯ Response.writeHead node_modules/light-my-request/lib/response.js:63:58
 â¯ safeWriteHead node_modules/fastify/lib/reply.js:578:9
 â¯ onSendEnd node_modules/fastify/lib/reply.js:643:5
 â¯ wrapOnSendEnd node_modules/fastify/lib/reply.js:571:5
 â¯ next node_modules/fastify/lib/hooks.js:289:7
 â¯ node_modules/@fastify/session/lib/fastifySession.js:202:9
 â¯ node_modules/@fastify/session/lib/session.js:180:11
 â¯ node_modules/connect-pg-simple/index.js:394:24
 â¯ processTicksAndRejections node:internal/process/task_queues:90:21

âŽ¯âŽ¯âŽ¯âŽ¯âŽ¯âŽ¯âŽ¯âŽ¯âŽ¯âŽ¯âŽ¯âŽ¯âŽ¯âŽ¯âŽ¯âŽ¯âŽ¯âŽ¯âŽ¯âŽ¯âŽ¯âŽ¯âŽ¯âŽ¯âŽ¯âŽ¯âŽ¯âŽ¯âŽ¯âŽ¯
Serialized Error: { code: 'ERR_HTTP_HEADERS_SENT' }
This error originated in "tests/integration/us1-organize-pipeline.test.js" test file. It doesn't mean the error was thrown inside the file itself, but while it was running.
The latest test that might've caused the error is "should prevent duplicate book entries for same reader". It might mean one of the following:
- The error was thrown, while Vitest was running this test.
- If the error occurred after the test had been completed, this was the last documented test before it was thrown.
âŽ¯âŽ¯âŽ¯âŽ¯âŽ¯âŽ¯âŽ¯âŽ¯âŽ¯âŽ¯âŽ¯âŽ¯âŽ¯âŽ¯âŽ¯âŽ¯âŽ¯âŽ¯âŽ¯âŽ¯âŽ¯âŽ¯âŽ¯âŽ¯âŽ¯âŽ¯âŽ¯âŽ¯âŽ¯âŽ¯

 Test Files  11 failed (11)
      Tests  95 failed | 80 passed (175)
     Errors  6 errors
   Start at  20:46:23
   Duration  3.81s (transform 72ms, setup 0ms, collect 227ms, tests 3.48s, environment 0ms, prepare 24ms)

